2025-06-05 22:48:35 -  - exec CUpdateClientPartner::SearchModulesEx
2025-06-05 22:48:35 -  - exec CUpdateClientPartner::__CollectRequestData
2025-06-05 22:48:35 -  - utf=Y&lang=ru&stable=Y&CANGZIP=Y&SUPD_DBS=MYSQL&XE=N&CLIENT_SITE=bzm.local&LICENSE_KEY=X&SUPD_STS=1&SUPD_URS=0&TYPENC=D&CLIENT_PHPVER=8.4.1&NGINX=Y&dbv=8.4.4&instm=main%2C25.100.300%2CY%3Bb24connector%2C24.0.0%2CN%3Bbitrix.sitecorporate%2C24.0.0%2CN%3Bbitrixcloud%2C24.100.0%2CN%3Bclouds%2C25.0.0%2CN%3Bfileman%2C24.500.0%2CN%3Bhighloadblock%2C24.100.0%2CN%3Biblock%2C24.300.0%2CN%3Blanding%2C24.800.0%2CN%3Blocation%2C25.0.0%2CN%3Bmessageservice%2C24.900.0%2CN%3Bperfmon%2C24.200.0%2CN%3Brest%2C25.100.200%2CN%3Bsearch%2C25.0.0%2CN%3Bsecurity%2C24.0.100%2CN%3Bseo%2C24.600.100%2CN%3Bsocialservices%2C24.100.100%2CN%3Btranslate%2C24.100.0%2CN%3Bui%2C25.0.0%2CN&search_module_id=&search_module=&search_category=7%2C14&search_type=&search_order=DESC&search_order_by=SORT&search_page=1&SUPD_SRS=RU&SUPD_CMP=N
2025-06-05 22:48:35 -  - exec CUpdateClientPartner::GetHTTPPage
2025-06-05 22:48:36 -  - TIME SearchModulesEx(request) 1 sec
2025-06-05 22:48:36 -  - exec CUpdateClientPartner::ParseServerData
2025-06-05 22:49:56 -  - exec CUpdateClientPartner::LoadModulesUpdates
2025-06-05 22:49:56 -  - exec CUpdateClientPartner::__CollectRequestData
2025-06-05 22:49:56 -  - utf=Y&lang=ru&stable=Y&CANGZIP=Y&SUPD_DBS=MYSQL&XE=N&CLIENT_SITE=bzm.local&LICENSE_KEY=X&SUPD_STS=1&SUPD_URS=0&TYPENC=D&CLIENT_PHPVER=8.4.1&NGINX=Y&dbv=8.4.4&instm=main%2C25.100.300%2CY%3Bb24connector%2C24.0.0%2CN%3Bbitrix.sitecorporate%2C24.0.0%2CN%3Bbitrixcloud%2C24.100.0%2CN%3Bclouds%2C25.0.0%2CN%3Bfileman%2C24.500.0%2CN%3Bhighloadblock%2C24.100.0%2CN%3Biblock%2C24.300.0%2CN%3Blanding%2C24.800.0%2CN%3Blocation%2C25.0.0%2CN%3Bmessageservice%2C24.900.0%2CN%3Bperfmon%2C24.200.0%2CN%3Brest%2C25.100.200%2CN%3Bsearch%2C25.0.0%2CN%3Bsecurity%2C24.0.100%2CN%3Bseo%2C24.600.100%2CN%3Bsocialservices%2C24.100.100%2CN%3Btranslate%2C24.100.0%2CN%3Bui%2C25.0.0%2CN&reqm=nsandrey.emptyinstall&lim=Y&SUPD_SRS=RU&SUPD_CMP=N
2025-06-05 22:49:56 -  - exec CUpdateClientPartner::GetHTTPPage
2025-06-05 22:49:56 -  - TIME LoadModulesUpdates(request) 0.335 sec
2025-06-05 22:49:56 -  - exec CUpdateClientPartner::ParseServerData
2025-06-05 22:49:56 - S - STEP
2025-06-05 22:49:56 - LM4W01 - loadModule4Wizard-Step
2025-06-05 22:49:56 -  - exec CUpdateClientPartner::LoadModulesUpdates
2025-06-05 22:49:56 -  - exec CUpdateClientPartner::ParseServerData
2025-06-05 22:49:56 -  - loadFile
2025-06-05 22:49:56 - U - RETURN
2025-06-05 22:49:56 -  - exec CUpdateClientPartner::UnGzipArchive
2025-06-05 22:49:57 -  - TIME UnGzipArchive 0.211 sec
2025-06-05 22:49:57 -  - TIME UpdateStepModules 0.11 sec
2025-06-05 22:49:57 -  - exec CUpdateClientPartner::LoadModulesUpdates
2025-06-05 22:49:57 -  - exec CUpdateClientPartner::__CollectRequestData
2025-06-05 22:49:57 -  - utf=Y&lang=ru&stable=Y&CANGZIP=Y&SUPD_DBS=MYSQL&XE=N&CLIENT_SITE=bzm.local&LICENSE_KEY=X&SUPD_STS=1&SUPD_URS=0&TYPENC=D&CLIENT_PHPVER=8.4.1&NGINX=Y&dbv=8.4.4&instm=main%2C25.100.300%2CY%3Bb24connector%2C24.0.0%2CN%3Bbitrix.sitecorporate%2C24.0.0%2CN%3Bbitrixcloud%2C24.100.0%2CN%3Bclouds%2C25.0.0%2CN%3Bfileman%2C24.500.0%2CN%3Bhighloadblock%2C24.100.0%2CN%3Biblock%2C24.300.0%2CN%3Blanding%2C24.800.0%2CN%3Blocation%2C25.0.0%2CN%3Bmessageservice%2C24.900.0%2CN%3Bnsandrey.emptyinstall%2C1.0.5%2CN%3Bperfmon%2C24.200.0%2CN%3Brest%2C25.100.200%2CN%3Bsearch%2C25.0.0%2CN%3Bsecurity%2C24.0.100%2CN%3Bseo%2C24.600.100%2CN%3Bsocialservices%2C24.100.100%2CN%3Btranslate%2C24.100.0%2CN%3Bui%2C25.0.0%2CN&reqm=nsandrey.emptyinstall&lim=Y&SUPD_SRS=RU&SUPD_CMP=N
2025-06-05 22:49:57 -  - exec CUpdateClientPartner::GetHTTPPage
2025-06-05 22:49:57 -  - TIME LoadModulesUpdates(request) 0.304 sec
2025-06-05 22:49:57 -  - exec CUpdateClientPartner::ParseServerData
2025-06-05 22:49:57 - STEP - Finish - NOUPDATES
2025-06-05 22:49:57 - LM4W03 - Finish - NOUPDATES
2025-06-05 23:03:37 -  - exec CUpdateClientPartner::__CollectRequestData
2025-06-05 23:03:37 -  - exec CUpdateClientPartner::GetHTTPPage
2025-06-05 23:03:38 -  - exec CUpdateClientPartner::ParseServerData
2025-06-05 23:03:38 -  - exec CUpdateClientPartner::GetUpdatesList
2025-06-05 23:03:38 -  - exec CUpdateClientPartner::__CollectRequestData
2025-06-05 23:03:38 -  - utf=Y&lang=ru&stable=Y&CANGZIP=Y&SUPD_DBS=MYSQL&XE=N&CLIENT_SITE=bzm.local&LICENSE_KEY=X&SUPD_STS=1&SUPD_URS=0&TYPENC=D&CLIENT_PHPVER=8.4.1&NGINX=Y&dbv=8.4.4&instm=main%2C25.100.300%2CY%3Bb24connector%2C24.0.0%2CN%3Bbitrix.sitecorporate%2C24.0.0%2CN%3Bbitrixcloud%2C24.100.0%2CN%3Bclouds%2C25.0.0%2CN%3Bfileman%2C24.500.0%2CN%3Bhighloadblock%2C24.100.0%2CN%3Biblock%2C24.300.0%2CN%3Blanding%2C24.800.0%2CN%3Blocation%2C25.0.0%2CN%3Bmessageservice%2C24.900.0%2CN%3Bnsandrey.emptyinstall%2C1.0.5%2CN%3Bperfmon%2C24.200.0%2CN%3Brest%2C25.100.200%2CN%3Bsearch%2C25.0.0%2CN%3Bsecurity%2C24.0.100%2CN%3Bseo%2C24.600.100%2CN%3Bsocialservices%2C24.100.100%2CN%3Btranslate%2C24.100.0%2CN%3Bui%2C25.0.0%2CN&reqm=bitrix.sitecorporate%2Cnsandrey.emptyinstall&fullmoduleinfo=Y&SUPD_SRS=RU&SUPD_CMP=N
2025-06-05 23:03:38 -  - exec CUpdateClientPartner::GetHTTPPage
2025-06-05 23:03:38 -  - TIME GetUpdatesList(request) 0.38 sec
2025-06-05 23:03:38 -  - exec CUpdateClientPartner::ParseServerData
2025-06-05 23:03:38 -  - exec CUpdateClientPartner::__CollectRequestData
2025-06-05 23:03:38 -  - exec CUpdateClientPartner::GetHTTPPage
2025-06-05 23:03:38 -  - exec CUpdateClientPartner::ParseServerData
2025-06-10 15:08:48 -  - exec CUpdateClientPartner::__CollectRequestData
2025-06-10 15:08:48 -  - exec CUpdateClientPartner::GetHTTPPage
2025-06-10 15:08:49 -  - exec CUpdateClientPartner::ParseServerData
2025-06-10 15:08:49 -  - exec CUpdateClientPartner::GetUpdatesList
2025-06-10 15:08:49 -  - exec CUpdateClientPartner::__CollectRequestData
2025-06-10 15:08:49 -  - utf=Y&lang=ru&stable=Y&CANGZIP=Y&SUPD_DBS=MYSQL&XE=N&CLIENT_SITE=bzm.local&LICENSE_KEY=X&SUPD_STS=1&SUPD_URS=0&TYPENC=D&CLIENT_PHPVER=8.4.1&NGINX=Y&dbv=8.4.4&instm=main%2C25.100.300%2CY%3Bb24connector%2C24.0.0%2CN%3Bbitrix.sitecorporate%2C24.0.0%2CN%3Bbitrixcloud%2C24.100.0%2CN%3Bclouds%2C25.0.0%2CN%3Bfileman%2C24.500.0%2CN%3Bhighloadblock%2C24.100.0%2CN%3Biblock%2C24.300.0%2CN%3Blanding%2C24.800.0%2CN%3Blocation%2C25.0.0%2CN%3Bmessageservice%2C24.900.0%2CN%3Bnsandrey.emptyinstall%2C1.0.5%2CN%3Bperfmon%2C24.200.0%2CN%3Brest%2C25.100.200%2CN%3Bsearch%2C25.0.0%2CN%3Bsecurity%2C24.0.100%2CN%3Bseo%2C24.600.100%2CN%3Bsocialservices%2C24.100.100%2CN%3Btranslate%2C24.100.0%2CN%3Bui%2C25.0.0%2CN&reqm=bitrix.sitecorporate%2Cnsandrey.emptyinstall&fullmoduleinfo=Y&SUPD_SRS=RU&SUPD_CMP=N
2025-06-10 15:08:49 -  - exec CUpdateClientPartner::GetHTTPPage
2025-06-10 15:08:49 -  - TIME GetUpdatesList(request) 0.435 sec
2025-06-10 15:08:49 -  - exec CUpdateClientPartner::ParseServerData
2025-06-10 15:08:49 -  - exec CUpdateClientPartner::__CollectRequestData
2025-06-10 15:08:49 -  - exec CUpdateClientPartner::GetHTTPPage
2025-06-10 15:08:50 -  - exec CUpdateClientPartner::ParseServerData
2025-06-11 20:42:21 -  - exec CUpdateClientPartner::__CollectRequestData
2025-06-11 20:42:21 -  - exec CUpdateClientPartner::GetHTTPPage
2025-06-11 20:42:22 -  - exec CUpdateClientPartner::ParseServerData
2025-06-11 20:42:22 -  - exec CUpdateClientPartner::GetUpdatesList
2025-06-11 20:42:22 -  - exec CUpdateClientPartner::__CollectRequestData
2025-06-11 20:42:22 -  - utf=Y&lang=ru&stable=Y&CANGZIP=Y&SUPD_DBS=MYSQL&XE=N&CLIENT_SITE=bzm.local&LICENSE_KEY=X&SUPD_STS=1&SUPD_URS=0&TYPENC=D&CLIENT_PHPVER=8.4.1&NGINX=Y&dbv=8.4.4&instm=main%2C25.100.300%2CY%3Bb24connector%2C24.0.0%2CN%3Bbitrix.sitecorporate%2C24.0.0%2CN%3Bbitrixcloud%2C24.100.0%2CN%3Bclouds%2C25.0.0%2CN%3Bfileman%2C24.500.0%2CN%3Bhighloadblock%2C24.100.0%2CN%3Biblock%2C24.300.0%2CN%3Blanding%2C24.800.0%2CN%3Blocation%2C25.0.0%2CN%3Bmessageservice%2C24.900.0%2CN%3Bnsandrey.emptyinstall%2C1.0.5%2CN%3Bperfmon%2C24.200.0%2CN%3Brest%2C25.100.200%2CN%3Bsearch%2C25.0.0%2CN%3Bsecurity%2C24.0.100%2CN%3Bseo%2C24.600.100%2CN%3Bsocialservices%2C24.100.100%2CN%3Btranslate%2C24.100.0%2CN%3Bui%2C25.0.0%2CN&reqm=bitrix.sitecorporate%2Cnsandrey.emptyinstall&fullmoduleinfo=Y&SUPD_SRS=RU&SUPD_CMP=N
2025-06-11 20:42:22 -  - exec CUpdateClientPartner::GetHTTPPage
2025-06-11 20:42:23 -  - TIME GetUpdatesList(request) 0.669 sec
2025-06-11 20:42:23 -  - exec CUpdateClientPartner::ParseServerData
2025-06-11 20:42:23 -  - exec CUpdateClientPartner::__CollectRequestData
2025-06-11 20:42:23 -  - exec CUpdateClientPartner::GetHTTPPage
2025-06-11 20:42:24 -  - exec CUpdateClientPartner::ParseServerData
2025-06-13 15:16:37 -  - exec CUpdateClientPartner::__CollectRequestData
2025-06-13 15:16:37 -  - exec CUpdateClientPartner::GetHTTPPage
2025-06-13 15:16:38 -  - exec CUpdateClientPartner::ParseServerData
2025-06-13 15:16:38 -  - exec CUpdateClientPartner::GetUpdatesList
2025-06-13 15:16:38 -  - exec CUpdateClientPartner::__CollectRequestData
2025-06-13 15:16:38 -  - utf=Y&lang=ru&stable=Y&CANGZIP=Y&SUPD_DBS=MYSQL&XE=N&CLIENT_SITE=bzm.local&LICENSE_KEY=X&SUPD_STS=1&SUPD_URS=0&TYPENC=D&CLIENT_PHPVER=8.4.1&NGINX=Y&dbv=8.4.4&instm=main%2C25.100.300%2CY%3Bb24connector%2C24.0.0%2CN%3Bbitrix.sitecorporate%2C24.0.0%2CN%3Bbitrixcloud%2C24.100.0%2CN%3Bclouds%2C25.0.0%2CN%3Bfileman%2C24.500.0%2CN%3Bhighloadblock%2C24.100.0%2CN%3Biblock%2C24.300.0%2CN%3Blanding%2C24.800.0%2CN%3Blocation%2C25.0.0%2CN%3Bmessageservice%2C24.900.0%2CN%3Bnsandrey.emptyinstall%2C1.0.5%2CN%3Bperfmon%2C24.200.0%2CN%3Brest%2C25.100.200%2CN%3Bsearch%2C25.0.0%2CN%3Bsecurity%2C24.0.100%2CN%3Bseo%2C24.600.100%2CN%3Bsocialservices%2C24.100.100%2CN%3Btranslate%2C24.100.0%2CN%3Bui%2C25.0.0%2CN&reqm=bitrix.sitecorporate%2Cnsandrey.emptyinstall&fullmoduleinfo=Y&SUPD_SRS=RU&SUPD_CMP=N
2025-06-13 15:16:38 -  - exec CUpdateClientPartner::GetHTTPPage
2025-06-13 15:16:38 -  - TIME GetUpdatesList(request) 0.307 sec
2025-06-13 15:16:38 -  - exec CUpdateClientPartner::ParseServerData
2025-06-13 15:16:38 -  - exec CUpdateClientPartner::__CollectRequestData
2025-06-13 15:16:38 -  - exec CUpdateClientPartner::GetHTTPPage
2025-06-13 15:16:38 -  - exec CUpdateClientPartner::ParseServerData
2025-06-18 20:52:59 -  - exec CUpdateClientPartner::__CollectRequestData
2025-06-18 20:52:59 -  - exec CUpdateClientPartner::GetHTTPPage
2025-06-18 20:53:00 -  - exec CUpdateClientPartner::ParseServerData
2025-06-18 20:53:00 -  - exec CUpdateClientPartner::GetUpdatesList
2025-06-18 20:53:00 -  - exec CUpdateClientPartner::__CollectRequestData
2025-06-18 20:53:00 -  - utf=Y&lang=ru&stable=Y&CANGZIP=Y&SUPD_DBS=MYSQL&XE=N&CLIENT_SITE=bzm.local&LICENSE_KEY=X&SUPD_STS=1&SUPD_URS=0&TYPENC=D&CLIENT_PHPVER=8.4.1&NGINX=Y&dbv=8.4.4&instm=main%2C25.100.300%2CY%3Bb24connector%2C24.0.0%2CN%3Bbitrix.sitecorporate%2C24.0.0%2CN%3Bbitrixcloud%2C24.100.0%2CN%3Bclouds%2C25.0.0%2CN%3Bfileman%2C24.500.0%2CN%3Bhighloadblock%2C24.100.0%2CN%3Biblock%2C24.300.0%2CN%3Blanding%2C24.800.0%2CN%3Blocation%2C25.0.0%2CN%3Bmessageservice%2C24.900.0%2CN%3Bnsandrey.emptyinstall%2C1.0.5%2CN%3Bperfmon%2C24.200.0%2CN%3Brest%2C25.100.200%2CN%3Bsearch%2C25.0.0%2CN%3Bsecurity%2C24.0.100%2CN%3Bseo%2C24.600.100%2CN%3Bsocialservices%2C24.100.100%2CN%3Btranslate%2C24.100.0%2CN%3Bui%2C25.0.0%2CN&reqm=bitrix.sitecorporate%2Cnsandrey.emptyinstall&fullmoduleinfo=Y&SUPD_SRS=RU&SUPD_CMP=N
2025-06-18 20:53:00 -  - exec CUpdateClientPartner::GetHTTPPage
2025-06-18 20:53:00 -  - TIME GetUpdatesList(request) 0.313 sec
2025-06-18 20:53:00 -  - exec CUpdateClientPartner::ParseServerData
2025-06-18 20:53:00 -  - exec CUpdateClientPartner::__CollectRequestData
2025-06-18 20:53:00 -  - exec CUpdateClientPartner::GetHTTPPage
2025-06-18 20:53:00 -  - exec CUpdateClientPartner::ParseServerData
2025-06-19 20:53:08 -  - exec CUpdateClientPartner::__CollectRequestData
2025-06-19 20:53:08 -  - exec CUpdateClientPartner::GetHTTPPage
2025-06-19 20:53:09 -  - exec CUpdateClientPartner::ParseServerData
2025-06-19 20:53:09 -  - exec CUpdateClientPartner::GetUpdatesList
2025-06-19 20:53:09 -  - exec CUpdateClientPartner::__CollectRequestData
2025-06-19 20:53:09 -  - utf=Y&lang=ru&stable=Y&CANGZIP=Y&SUPD_DBS=MYSQL&XE=N&CLIENT_SITE=bzm.local&LICENSE_KEY=X&SUPD_STS=1&SUPD_URS=0&TYPENC=D&CLIENT_PHPVER=8.4.1&NGINX=Y&dbv=8.4.4&instm=main%2C25.100.300%2CY%3Bb24connector%2C24.0.0%2CN%3Bbitrix.sitecorporate%2C24.0.0%2CN%3Bbitrixcloud%2C24.100.0%2CN%3Bclouds%2C25.0.0%2CN%3Bfileman%2C24.500.0%2CN%3Bhighloadblock%2C24.100.0%2CN%3Biblock%2C24.300.0%2CN%3Blanding%2C24.800.0%2CN%3Blocation%2C25.0.0%2CN%3Bmessageservice%2C24.900.0%2CN%3Bnsandrey.emptyinstall%2C1.0.5%2CN%3Bperfmon%2C24.200.0%2CN%3Brest%2C25.100.200%2CN%3Bsearch%2C25.0.0%2CN%3Bsecurity%2C24.0.100%2CN%3Bseo%2C24.600.100%2CN%3Bsocialservices%2C24.100.100%2CN%3Btranslate%2C24.100.0%2CN%3Bui%2C25.0.0%2CN&reqm=bitrix.sitecorporate%2Cnsandrey.emptyinstall&fullmoduleinfo=Y&SUPD_SRS=RU&SUPD_CMP=N
2025-06-19 20:53:09 -  - exec CUpdateClientPartner::GetHTTPPage
2025-06-19 20:53:09 -  - TIME GetUpdatesList(request) 0.315 sec
2025-06-19 20:53:09 -  - exec CUpdateClientPartner::ParseServerData
2025-06-19 20:53:09 -  - exec CUpdateClientPartner::__CollectRequestData
2025-06-19 20:53:09 -  - exec CUpdateClientPartner::GetHTTPPage
2025-06-19 20:53:09 -  - exec CUpdateClientPartner::ParseServerData
2025-06-20 22:43:44 -  - exec CUpdateClientPartner::__CollectRequestData
2025-06-20 22:43:44 -  - exec CUpdateClientPartner::GetHTTPPage
2025-06-20 22:43:44 -  - exec CUpdateClientPartner::ParseServerData
2025-06-20 22:43:44 -  - exec CUpdateClientPartner::GetUpdatesList
2025-06-20 22:43:44 -  - exec CUpdateClientPartner::__CollectRequestData
2025-06-20 22:43:44 -  - utf=Y&lang=ru&stable=Y&CANGZIP=Y&SUPD_DBS=MYSQL&XE=N&CLIENT_SITE=bzm.local&LICENSE_KEY=X&SUPD_STS=1&SUPD_URS=0&TYPENC=D&CLIENT_PHPVER=8.4.1&NGINX=Y&dbv=8.4.4&instm=main%2C25.100.300%2CY%3Bb24connector%2C24.0.0%2CN%3Bbitrix.sitecorporate%2C24.0.0%2CN%3Bbitrixcloud%2C24.100.0%2CN%3Bclouds%2C25.0.0%2CN%3Bfileman%2C24.500.0%2CN%3Bhighloadblock%2C24.100.0%2CN%3Biblock%2C24.300.0%2CN%3Blanding%2C24.800.0%2CN%3Blocation%2C25.0.0%2CN%3Bmessageservice%2C24.900.0%2CN%3Bnsandrey.emptyinstall%2C1.0.5%2CN%3Bperfmon%2C24.200.0%2CN%3Brest%2C25.100.200%2CN%3Bsearch%2C25.0.0%2CN%3Bsecurity%2C24.0.100%2CN%3Bseo%2C24.600.100%2CN%3Bsocialservices%2C24.100.100%2CN%3Btranslate%2C24.100.0%2CN%3Bui%2C25.0.0%2CN&reqm=bitrix.sitecorporate%2Cnsandrey.emptyinstall&fullmoduleinfo=Y&SUPD_SRS=RU&SUPD_CMP=N
2025-06-20 22:43:44 -  - exec CUpdateClientPartner::GetHTTPPage
2025-06-20 22:43:45 -  - TIME GetUpdatesList(request) 0.305 sec
2025-06-20 22:43:45 -  - exec CUpdateClientPartner::ParseServerData
2025-06-20 22:43:45 -  - exec CUpdateClientPartner::__CollectRequestData
2025-06-20 22:43:45 -  - exec CUpdateClientPartner::GetHTTPPage
2025-06-20 22:43:45 -  - exec CUpdateClientPartner::ParseServerData
2025-06-21 17:28:18 -  - exec CUpdateClientPartner::GetUpdatesList
2025-06-21 17:28:18 -  - exec CUpdateClientPartner::__CollectRequestData
2025-06-21 17:28:18 -  - utf=Y&lang=ru&stable=Y&CANGZIP=Y&SUPD_DBS=MYSQL&XE=N&CLIENT_SITE=bzm.local&LICENSE_KEY=X&SUPD_STS=1&SUPD_URS=0&TYPENC=D&CLIENT_PHPVER=8.4.1&NGINX=Y&dbv=8.4.4&instm=main%2C25.100.300%2CY%3Bb24connector%2C24.0.0%2CN%3Bbitrix.sitecorporate%2C24.0.0%2CN%3Bbitrixcloud%2C24.100.0%2CN%3Bclouds%2C25.0.0%2CN%3Bfileman%2C24.500.0%2CN%3Bhighloadblock%2C24.100.0%2CN%3Biblock%2C24.300.0%2CN%3Blanding%2C24.800.0%2CN%3Blocation%2C25.0.0%2CN%3Bmessageservice%2C24.900.0%2CN%3Bnsandrey.emptyinstall%2C1.0.5%2CN%3Bperfmon%2C24.200.0%2CN%3Brest%2C25.100.200%2CN%3Bsearch%2C25.0.0%2CN%3Bsecurity%2C24.0.100%2CN%3Bseo%2C24.600.100%2CN%3Bsocialservices%2C24.100.100%2CN%3Btranslate%2C24.100.0%2CN%3Bui%2C25.0.0%2CN&reqm=bitrix.sitecorporate%2Cnsandrey.emptyinstall&fullmoduleinfo=Y&SUPD_SRS=RU&SUPD_CMP=N
2025-06-21 17:28:18 -  - exec CUpdateClientPartner::GetHTTPPage
2025-06-21 17:28:19 -  - TIME GetUpdatesList(request) 0.386 sec
2025-06-21 17:28:19 -  - exec CUpdateClientPartner::ParseServerData
2025-06-21 17:28:30 -  - exec CUpdateClientPartner::GetUpdatesList
2025-06-21 17:28:30 -  - exec CUpdateClientPartner::__CollectRequestData
2025-06-21 17:28:30 -  - utf=Y&lang=ru&stable=Y&CANGZIP=Y&SUPD_DBS=MYSQL&XE=N&CLIENT_SITE=bzm.local&LICENSE_KEY=X&SUPD_STS=1&SUPD_URS=0&TYPENC=D&CLIENT_PHPVER=8.4.1&NGINX=Y&dbv=8.4.4&instm=main%2C25.100.300%2CY%3Bb24connector%2C24.0.0%2CN%3Bbitrix.sitecorporate%2C24.0.0%2CN%3Bbitrixcloud%2C24.100.0%2CN%3Bclouds%2C25.0.0%2CN%3Bfileman%2C24.500.0%2CN%3Bhighloadblock%2C24.100.0%2CN%3Biblock%2C24.300.0%2CN%3Blanding%2C24.800.0%2CN%3Blocation%2C25.0.0%2CN%3Bmessageservice%2C24.900.0%2CN%3Bnsandrey.emptyinstall%2C1.0.5%2CN%3Bperfmon%2C24.200.0%2CN%3Brest%2C25.100.200%2CN%3Bsearch%2C25.0.0%2CN%3Bsecurity%2C24.0.100%2CN%3Bseo%2C24.600.100%2CN%3Bsocialservices%2C24.100.100%2CN%3Btranslate%2C24.100.0%2CN%3Bui%2C25.0.0%2CN&reqm=bitrix.sitecorporate%2Cnsandrey.emptyinstall&fullmoduleinfo=Y&SUPD_SRS=RU&SUPD_CMP=N
2025-06-21 17:28:30 -  - exec CUpdateClientPartner::GetHTTPPage
2025-06-21 17:28:30 -  - TIME GetUpdatesList(request) 0.344 sec
2025-06-21 17:28:30 -  - exec CUpdateClientPartner::ParseServerData
2025-06-21 17:28:30 -  - exec CUpdateClientPartner::GetUpdatesList
2025-06-21 17:28:30 -  - exec CUpdateClientPartner::__CollectRequestData
2025-06-21 17:28:30 -  - utf=Y&lang=ru&stable=Y&CANGZIP=Y&SUPD_DBS=MYSQL&XE=N&CLIENT_SITE=bzm.local&LICENSE_KEY=X&SUPD_STS=1&SUPD_URS=0&TYPENC=D&CLIENT_PHPVER=8.4.1&NGINX=Y&dbv=8.4.4&instm=main%2C25.100.300%2CY%3Bb24connector%2C24.0.0%2CN%3Bbitrix.sitecorporate%2C24.0.0%2CN%3Bbitrixcloud%2C24.100.0%2CN%3Bclouds%2C25.0.0%2CN%3Bfileman%2C24.500.0%2CN%3Bhighloadblock%2C24.100.0%2CN%3Biblock%2C24.300.0%2CN%3Blanding%2C24.800.0%2CN%3Blocation%2C25.0.0%2CN%3Bmessageservice%2C24.900.0%2CN%3Bnsandrey.emptyinstall%2C1.0.5%2CN%3Bperfmon%2C24.200.0%2CN%3Brest%2C25.100.200%2CN%3Bsearch%2C25.0.0%2CN%3Bsecurity%2C24.0.100%2CN%3Bseo%2C24.600.100%2CN%3Bsocialservices%2C24.100.100%2CN%3Btranslate%2C24.100.0%2CN%3Bui%2C25.0.0%2CN&reqm=bitrix.sitecorporate%2Cnsandrey.emptyinstall&fullmoduleinfo=Y&SUPD_SRS=RU&SUPD_CMP=N
2025-06-21 17:28:30 -  - exec CUpdateClientPartner::GetHTTPPage
2025-06-21 17:28:31 -  - TIME GetUpdatesList(request) 0.343 sec
2025-06-21 17:28:31 -  - exec CUpdateClientPartner::ParseServerData
2025-06-21 17:28:57 -  - exec CUpdateClientPartner::GetUpdatesList
2025-06-21 17:28:57 -  - exec CUpdateClientPartner::__CollectRequestData
2025-06-21 17:28:57 -  - utf=Y&lang=ru&stable=Y&CANGZIP=Y&SUPD_DBS=MYSQL&XE=N&CLIENT_SITE=bzm.local&LICENSE_KEY=X&SUPD_STS=1&SUPD_URS=0&TYPENC=D&CLIENT_PHPVER=8.4.1&NGINX=Y&dbv=8.4.4&instm=main%2C25.100.300%2CY%3Bb24connector%2C24.0.0%2CN%3Bbitrix.sitecorporate%2C24.0.0%2CN%3Bbitrixcloud%2C24.100.0%2CN%3Bclouds%2C25.0.0%2CN%3Bfileman%2C24.500.0%2CN%3Bhighloadblock%2C24.100.0%2CN%3Biblock%2C24.300.0%2CN%3Blanding%2C24.800.0%2CN%3Blocation%2C25.0.0%2CN%3Bmessageservice%2C24.900.0%2CN%3Bnsandrey.emptyinstall%2C1.0.5%2CN%3Bperfmon%2C24.200.0%2CN%3Brest%2C25.100.200%2CN%3Bsearch%2C25.0.0%2CN%3Bsecurity%2C24.0.100%2CN%3Bseo%2C24.600.100%2CN%3Bsocialservices%2C24.100.100%2CN%3Btranslate%2C24.100.0%2CN%3Bui%2C25.0.0%2CN&reqm=bitrix.sitecorporate%2Cnsandrey.emptyinstall&fullmoduleinfo=Y&SUPD_SRS=RU&SUPD_CMP=N
2025-06-21 17:28:57 -  - exec CUpdateClientPartner::GetHTTPPage
2025-06-21 17:28:58 -  - TIME GetUpdatesList(request) 0.399 sec
2025-06-21 17:28:58 -  - exec CUpdateClientPartner::ParseServerData
2025-06-21 17:29:07 -  - exec CUpdateClientPartner::GetUpdatesList
2025-06-21 17:29:07 -  - exec CUpdateClientPartner::__CollectRequestData
2025-06-21 17:29:07 -  - utf=Y&lang=ru&stable=Y&CANGZIP=Y&SUPD_DBS=MYSQL&XE=N&CLIENT_SITE=bzm.local&LICENSE_KEY=X&SUPD_STS=1&SUPD_URS=0&TYPENC=D&CLIENT_PHPVER=8.4.1&NGINX=Y&dbv=8.4.4&instm=main%2C25.100.300%2CY%3Bb24connector%2C24.0.0%2CN%3Bbitrix.sitecorporate%2C24.0.0%2CN%3Bbitrixcloud%2C24.100.0%2CN%3Bclouds%2C25.0.0%2CN%3Bfileman%2C24.500.0%2CN%3Bhighloadblock%2C24.100.0%2CN%3Biblock%2C24.300.0%2CN%3Blanding%2C24.800.0%2CN%3Blocation%2C25.0.0%2CN%3Bmessageservice%2C24.900.0%2CN%3Bnsandrey.emptyinstall%2C1.0.5%2CN%3Bperfmon%2C24.200.0%2CN%3Brest%2C25.100.200%2CN%3Bsearch%2C25.0.0%2CN%3Bsecurity%2C24.0.100%2CN%3Bseo%2C24.600.100%2CN%3Bsocialservices%2C24.100.100%2CN%3Btranslate%2C24.100.0%2CN%3Bui%2C25.0.0%2CN&reqm=bitrix.sitecorporate%2Cnsandrey.emptyinstall&fullmoduleinfo=Y&SUPD_SRS=RU&SUPD_CMP=N
2025-06-21 17:29:07 -  - exec CUpdateClientPartner::GetHTTPPage
2025-06-21 17:29:08 -  - TIME GetUpdatesList(request) 0.34 sec
2025-06-21 17:29:08 -  - exec CUpdateClientPartner::ParseServerData
2025-06-21 17:29:08 -  - exec CUpdateClientPartner::GetUpdatesList
2025-06-21 17:29:08 -  - exec CUpdateClientPartner::__CollectRequestData
2025-06-21 17:29:08 -  - utf=Y&lang=ru&stable=Y&CANGZIP=Y&SUPD_DBS=MYSQL&XE=N&CLIENT_SITE=bzm.local&LICENSE_KEY=X&SUPD_STS=1&SUPD_URS=0&TYPENC=D&CLIENT_PHPVER=8.4.1&NGINX=Y&dbv=8.4.4&instm=main%2C25.100.300%2CY%3Bb24connector%2C24.0.0%2CN%3Bbitrix.sitecorporate%2C24.0.0%2CN%3Bbitrixcloud%2C24.100.0%2CN%3Bclouds%2C25.0.0%2CN%3Bfileman%2C24.500.0%2CN%3Bhighloadblock%2C24.100.0%2CN%3Biblock%2C24.300.0%2CN%3Blanding%2C24.800.0%2CN%3Blocation%2C25.0.0%2CN%3Bmessageservice%2C24.900.0%2CN%3Bperfmon%2C24.200.0%2CN%3Brest%2C25.100.200%2CN%3Bsearch%2C25.0.0%2CN%3Bsecurity%2C24.0.100%2CN%3Bseo%2C24.600.100%2CN%3Bsocialservices%2C24.100.100%2CN%3Btranslate%2C24.100.0%2CN%3Bui%2C25.0.0%2CN&reqm=bitrix.sitecorporate&fullmoduleinfo=Y&SUPD_SRS=RU&SUPD_CMP=N
2025-06-21 17:29:08 -  - exec CUpdateClientPartner::GetHTTPPage
2025-06-21 17:29:08 -  - TIME GetUpdatesList(request) 0.323 sec
2025-06-21 17:29:08 -  - exec CUpdateClientPartner::ParseServerData
2025-06-21 17:31:27 -  - exec CUpdateClientPartner::GetUpdatesList
2025-06-21 17:31:27 -  - exec CUpdateClientPartner::__CollectRequestData
2025-06-21 17:31:27 -  - utf=Y&lang=ru&stable=Y&CANGZIP=Y&SUPD_DBS=MYSQL&XE=N&CLIENT_SITE=bzm.local&LICENSE_KEY=X&SUPD_STS=1&SUPD_URS=0&TYPENC=D&CLIENT_PHPVER=8.4.1&NGINX=Y&dbv=8.4.4&instm=main%2C25.100.300%2CY%3Bb24connector%2C24.0.0%2CN%3Bbitrix.sitecorporate%2C24.0.0%2CN%3Bbitrixcloud%2C24.100.0%2CN%3Bclouds%2C25.0.0%2CN%3Bfileman%2C24.500.0%2CN%3Bhighloadblock%2C24.100.0%2CN%3Biblock%2C24.300.0%2CN%3Blanding%2C24.800.0%2CN%3Blocation%2C25.0.0%2CN%3Bmessageservice%2C24.900.0%2CN%3Bperfmon%2C24.200.0%2CN%3Brest%2C25.100.200%2CN%3Bsearch%2C25.0.0%2CN%3Bsecurity%2C24.0.100%2CN%3Bseo%2C24.600.100%2CN%3Bsocialservices%2C24.100.100%2CN%3Btranslate%2C24.100.0%2CN%3Bui%2C25.0.0%2CN&reqm=bitrix.sitecorporate&fullmoduleinfo=Y&SUPD_SRS=RU&SUPD_CMP=N
2025-06-21 17:31:27 -  - exec CUpdateClientPartner::GetHTTPPage
2025-06-21 17:31:27 -  - TIME GetUpdatesList(request) 0.373 sec
2025-06-21 17:31:27 -  - exec CUpdateClientPartner::ParseServerData
2025-06-21 17:37:49 -  - exec CUpdateClientPartner::GetUpdatesList
2025-06-21 17:37:49 -  - exec CUpdateClientPartner::__CollectRequestData
2025-06-21 17:37:49 -  - utf=Y&lang=ru&stable=Y&CANGZIP=Y&SUPD_DBS=MYSQL&XE=N&CLIENT_SITE=bzm.local&LICENSE_KEY=X&SUPD_STS=1&SUPD_URS=0&TYPENC=D&CLIENT_PHPVER=8.4.1&NGINX=Y&dbv=8.4.4&instm=main%2C25.100.300%2CY%3Bb24connector%2C24.0.0%2CN%3Bbitrix.sitecorporate%2C24.0.0%2CN%3Bbitrixcloud%2C24.100.0%2CN%3Bclouds%2C25.0.0%2CN%3Bfileman%2C24.500.0%2CN%3Bhighloadblock%2C24.100.0%2CN%3Biblock%2C24.300.0%2CN%3Blanding%2C24.800.0%2CN%3Blocation%2C25.0.0%2CN%3Bmessageservice%2C24.900.0%2CN%3Bperfmon%2C24.200.0%2CN%3Brest%2C25.100.200%2CN%3Bsearch%2C25.0.0%2CN%3Bsecurity%2C24.0.100%2CN%3Bseo%2C24.600.100%2CN%3Bsocialservices%2C24.100.100%2CN%3Btranslate%2C24.100.0%2CN%3Bui%2C25.0.0%2CN&reqm=bitrix.sitecorporate&SUPD_SRS=RU&SUPD_CMP=N
2025-06-21 17:37:49 -  - exec CUpdateClientPartner::GetHTTPPage
2025-06-21 17:37:49 -  - TIME GetUpdatesList(request) 0.395 sec
2025-06-21 17:37:49 -  - exec CUpdateClientPartner::ParseServerData
2025-06-21 17:37:50 -  - exec CUpdateClientPartner::GetUpdatesList
2025-06-21 17:37:50 -  - exec CUpdateClientPartner::__CollectRequestData
2025-06-21 17:37:50 -  - utf=Y&lang=ru&stable=Y&CANGZIP=Y&SUPD_DBS=MYSQL&XE=N&CLIENT_SITE=bzm.local&LICENSE_KEY=X&SUPD_STS=1&SUPD_URS=0&TYPENC=D&CLIENT_PHPVER=8.4.1&NGINX=Y&dbv=8.4.4&instm=main%2C25.100.300%2CY%3Bb24connector%2C24.0.0%2CN%3Bbitrix.sitecorporate%2C24.0.0%2CN%3Bbitrixcloud%2C24.100.0%2CN%3Bclouds%2C25.0.0%2CN%3Bfileman%2C24.500.0%2CN%3Bhighloadblock%2C24.100.0%2CN%3Biblock%2C24.300.0%2CN%3Blanding%2C24.800.0%2CN%3Blocation%2C25.0.0%2CN%3Bmessageservice%2C24.900.0%2CN%3Bperfmon%2C24.200.0%2CN%3Brest%2C25.100.200%2CN%3Bsearch%2C25.0.0%2CN%3Bsecurity%2C24.0.100%2CN%3Bseo%2C24.600.100%2CN%3Bsocialservices%2C24.100.100%2CN%3Btranslate%2C24.100.0%2CN%3Bui%2C25.0.0%2CN&reqm=bitrix.sitecorporate&fullmoduleinfo=Y&SUPD_SRS=RU&SUPD_CMP=N
2025-06-21 17:37:50 -  - exec CUpdateClientPartner::GetHTTPPage
2025-06-21 17:37:50 -  - TIME GetUpdatesList(request) 0.321 sec
2025-06-21 17:37:50 -  - exec CUpdateClientPartner::ParseServerData
2025-06-21 18:30:10 -  - exec CUpdateClientPartner::GetUpdatesList
2025-06-21 18:30:10 -  - exec CUpdateClientPartner::__CollectRequestData
2025-06-21 18:30:10 -  - utf=Y&lang=ru&stable=Y&CANGZIP=Y&SUPD_DBS=MYSQL&XE=N&CLIENT_SITE=bzm.local&LICENSE_KEY=X&SUPD_STS=1&SUPD_URS=0&TYPENC=D&CLIENT_PHPVER=8.4.1&NGINX=Y&dbv=8.4.4&instm=main%2C25.100.300%2CY%3Bb24connector%2C24.0.0%2CN%3Bbitrix.sitecorporate%2C24.0.0%2CN%3Bbitrixcloud%2C24.100.0%2CN%3Bclouds%2C25.0.0%2CN%3Bfileman%2C24.500.0%2CN%3Bhighloadblock%2C24.100.0%2CN%3Biblock%2C24.300.0%2CN%3Blanding%2C24.800.0%2CN%3Blocation%2C25.0.0%2CN%3Bmessageservice%2C24.900.0%2CN%3Bperfmon%2C24.200.0%2CN%3Brest%2C25.100.200%2CN%3Bsearch%2C25.0.0%2CN%3Bsecurity%2C24.0.100%2CN%3Bseo%2C24.600.100%2CN%3Bsocialservices%2C24.100.100%2CN%3Btranslate%2C24.100.0%2CN%3Bui%2C25.0.0%2CN&reqm=bitrix.sitecorporate&fullmoduleinfo=Y&SUPD_SRS=RU&SUPD_CMP=N
2025-06-21 18:30:10 -  - exec CUpdateClientPartner::GetHTTPPage
2025-06-21 18:30:11 -  - TIME GetUpdatesList(request) 0.595 sec
2025-06-21 18:30:11 -  - exec CUpdateClientPartner::ParseServerData
2025-06-21 18:30:23 -  - exec CUpdateClientPartner::GetUpdatesList
2025-06-21 18:30:23 -  - exec CUpdateClientPartner::__CollectRequestData
2025-06-21 18:30:23 -  - utf=Y&lang=ru&stable=Y&CANGZIP=Y&SUPD_DBS=MYSQL&XE=N&CLIENT_SITE=bzm.local&LICENSE_KEY=X&SUPD_STS=1&SUPD_URS=0&TYPENC=D&CLIENT_PHPVER=8.4.1&NGINX=Y&dbv=8.4.4&instm=main%2C25.100.300%2CY%3Bb24connector%2C24.0.0%2CN%3Bbitrix.sitecorporate%2C24.0.0%2CN%3Bbitrixcloud%2C24.100.0%2CN%3Bclouds%2C25.0.0%2CN%3Bfileman%2C24.500.0%2CN%3Bhighloadblock%2C24.100.0%2CN%3Biblock%2C24.300.0%2CN%3Blanding%2C24.800.0%2CN%3Blocation%2C25.0.0%2CN%3Bmessageservice%2C24.900.0%2CN%3Bperfmon%2C24.200.0%2CN%3Brest%2C25.100.200%2CN%3Bsearch%2C25.0.0%2CN%3Bsecurity%2C24.0.100%2CN%3Bseo%2C24.600.100%2CN%3Bsocialservices%2C24.100.100%2CN%3Btranslate%2C24.100.0%2CN%3Bui%2C25.0.0%2CN&reqm=bitrix.sitecorporate&fullmoduleinfo=Y&SUPD_SRS=RU&SUPD_CMP=N
2025-06-21 18:30:23 -  - exec CUpdateClientPartner::GetHTTPPage
2025-06-21 18:30:23 -  - TIME GetUpdatesList(request) 0.35 sec
2025-06-21 18:30:23 -  - exec CUpdateClientPartner::ParseServerData
2025-06-21 18:30:23 -  - exec CUpdateClientPartner::GetUpdatesList
2025-06-21 18:30:23 -  - exec CUpdateClientPartner::__CollectRequestData
2025-06-21 18:30:23 -  - utf=Y&lang=ru&stable=Y&CANGZIP=Y&SUPD_DBS=MYSQL&XE=N&CLIENT_SITE=bzm.local&LICENSE_KEY=X&SUPD_STS=1&SUPD_URS=0&TYPENC=D&CLIENT_PHPVER=8.4.1&NGINX=Y&dbv=8.4.4&instm=main%2C25.100.300%2CY%3Bb24connector%2C24.0.0%2CN%3Bbitrix.sitecorporate%2C24.0.0%2CN%3Bbitrixcloud%2C24.100.0%2CN%3Bclouds%2C25.0.0%2CN%3Bfileman%2C24.500.0%2CN%3Bhighloadblock%2C24.100.0%2CN%3Biblock%2C24.300.0%2CN%3Blanding%2C24.800.0%2CN%3Blocation%2C25.0.0%2CN%3Bmessageservice%2C24.900.0%2CN%3Bperfmon%2C24.200.0%2CN%3Brest%2C25.100.200%2CN%3Bsearch%2C25.0.0%2CN%3Bsecurity%2C24.0.100%2CN%3Bseo%2C24.600.100%2CN%3Bsocialservices%2C24.100.100%2CN%3Btranslate%2C24.100.0%2CN%3Bui%2C25.0.0%2CN&reqm=bitrix.sitecorporate&fullmoduleinfo=Y&SUPD_SRS=RU&SUPD_CMP=N
2025-06-21 18:30:23 -  - exec CUpdateClientPartner::GetHTTPPage
2025-06-21 18:30:23 -  - TIME GetUpdatesList(request) 0.311 sec
2025-06-21 18:30:23 -  - exec CUpdateClientPartner::ParseServerData
2025-06-21 18:30:43 -  - exec CUpdateClientPartner::GetUpdatesList
2025-06-21 18:30:43 -  - exec CUpdateClientPartner::__CollectRequestData
2025-06-21 18:30:43 -  - utf=Y&lang=ru&stable=Y&CANGZIP=Y&SUPD_DBS=MYSQL&XE=N&CLIENT_SITE=bzm.local&LICENSE_KEY=X&SUPD_STS=1&SUPD_URS=0&TYPENC=D&CLIENT_PHPVER=8.4.1&NGINX=Y&dbv=8.4.4&instm=main%2C25.100.300%2CY%3Bb24connector%2C24.0.0%2CN%3Bbitrix.sitecorporate%2C24.0.0%2CN%3Bbitrixcloud%2C24.100.0%2CN%3Bclouds%2C25.0.0%2CN%3Bfileman%2C24.500.0%2CN%3Bhighloadblock%2C24.100.0%2CN%3Biblock%2C24.300.0%2CN%3Blanding%2C24.800.0%2CN%3Blocation%2C25.0.0%2CN%3Bmessageservice%2C24.900.0%2CN%3Bperfmon%2C24.200.0%2CN%3Brest%2C25.100.200%2CN%3Bsearch%2C25.0.0%2CN%3Bsecurity%2C24.0.100%2CN%3Bseo%2C24.600.100%2CN%3Bsocialservices%2C24.100.100%2CN%3Btranslate%2C24.100.0%2CN%3Bui%2C25.0.0%2CN&reqm=bitrix.sitecorporate&fullmoduleinfo=Y&SUPD_SRS=RU&SUPD_CMP=N
2025-06-21 18:30:43 -  - exec CUpdateClientPartner::GetHTTPPage
2025-06-21 18:30:44 -  - TIME GetUpdatesList(request) 0.404 sec
2025-06-21 18:30:44 -  - exec CUpdateClientPartner::ParseServerData
2025-06-21 18:30:47 -  - exec CUpdateClientPartner::GetUpdatesList
2025-06-21 18:30:47 -  - exec CUpdateClientPartner::__CollectRequestData
2025-06-21 18:30:47 -  - utf=Y&lang=ru&stable=Y&CANGZIP=Y&SUPD_DBS=MYSQL&XE=N&CLIENT_SITE=bzm.local&LICENSE_KEY=X&SUPD_STS=1&SUPD_URS=0&TYPENC=D&CLIENT_PHPVER=8.4.1&NGINX=Y&dbv=8.4.4&instm=main%2C25.100.300%2CY%3Bb24connector%2C24.0.0%2CN%3Bbitrix.sitecorporate%2C24.0.0%2CN%3Bbitrixcloud%2C24.100.0%2CN%3Bclouds%2C25.0.0%2CN%3Bfileman%2C24.500.0%2CN%3Bhighloadblock%2C24.100.0%2CN%3Biblock%2C24.300.0%2CN%3Blanding%2C24.800.0%2CN%3Blocation%2C25.0.0%2CN%3Bmessageservice%2C24.900.0%2CN%3Bperfmon%2C24.200.0%2CN%3Brest%2C25.100.200%2CN%3Bsearch%2C25.0.0%2CN%3Bsecurity%2C24.0.100%2CN%3Bseo%2C24.600.100%2CN%3Bsocialservices%2C24.100.100%2CN%3Btranslate%2C24.100.0%2CN%3Bui%2C25.0.0%2CN&reqm=bitrix.sitecorporate&fullmoduleinfo=Y&SUPD_SRS=RU&SUPD_CMP=N
2025-06-21 18:30:47 -  - exec CUpdateClientPartner::GetHTTPPage
2025-06-21 18:30:48 -  - TIME GetUpdatesList(request) 0.398 sec
2025-06-21 18:30:48 -  - exec CUpdateClientPartner::ParseServerData
2025-06-21 18:30:48 -  - exec CUpdateClientPartner::GetUpdatesList
2025-06-21 18:30:48 -  - exec CUpdateClientPartner::__CollectRequestData
2025-06-21 18:30:48 -  - utf=Y&lang=ru&stable=Y&CANGZIP=Y&SUPD_DBS=MYSQL&XE=N&CLIENT_SITE=bzm.local&LICENSE_KEY=X&SUPD_STS=1&SUPD_URS=0&TYPENC=D&CLIENT_PHPVER=8.4.1&NGINX=Y&dbv=8.4.4&instm=main%2C25.100.300%2CY%3Bb24connector%2C24.0.0%2CN%3Bbitrix.sitecorporate%2C24.0.0%2CN%3Bbitrixcloud%2C24.100.0%2CN%3Bclouds%2C25.0.0%2CN%3Bfileman%2C24.500.0%2CN%3Bhighloadblock%2C24.100.0%2CN%3Biblock%2C24.300.0%2CN%3Blanding%2C24.800.0%2CN%3Blocation%2C25.0.0%2CN%3Bmessageservice%2C24.900.0%2CN%3Bperfmon%2C24.200.0%2CN%3Brest%2C25.100.200%2CN%3Bsearch%2C25.0.0%2CN%3Bsecurity%2C24.0.100%2CN%3Bseo%2C24.600.100%2CN%3Bsocialservices%2C24.100.100%2CN%3Btranslate%2C24.100.0%2CN%3Bui%2C25.0.0%2CN&reqm=bitrix.sitecorporate&fullmoduleinfo=Y&SUPD_SRS=RU&SUPD_CMP=N
2025-06-21 18:30:48 -  - exec CUpdateClientPartner::GetHTTPPage
2025-06-21 18:30:48 -  - TIME GetUpdatesList(request) 0.301 sec
2025-06-21 18:30:48 -  - exec CUpdateClientPartner::ParseServerData
2025-06-21 18:31:30 -  - exec CUpdateClientPartner::GetUpdatesList
2025-06-21 18:31:30 -  - exec CUpdateClientPartner::__CollectRequestData
2025-06-21 18:31:30 -  - utf=Y&lang=ru&stable=Y&CANGZIP=Y&SUPD_DBS=MYSQL&XE=N&CLIENT_SITE=bzm.local&LICENSE_KEY=X&SUPD_STS=1&SUPD_URS=0&TYPENC=D&CLIENT_PHPVER=8.4.1&NGINX=Y&dbv=8.4.4&instm=main%2C25.100.300%2CY%3Bb24connector%2C24.0.0%2CN%3Bbitrix.sitecorporate%2C24.0.0%2CN%3Bbitrixcloud%2C24.100.0%2CN%3Bclouds%2C25.0.0%2CN%3Bfileman%2C24.500.0%2CN%3Bhighloadblock%2C24.100.0%2CN%3Biblock%2C24.300.0%2CN%3Blanding%2C24.800.0%2CN%3Blocation%2C25.0.0%2CN%3Bmessageservice%2C24.900.0%2CN%3Bperfmon%2C24.200.0%2CN%3Brest%2C25.100.200%2CN%3Bsearch%2C25.0.0%2CN%3Bsecurity%2C24.0.100%2CN%3Bseo%2C24.600.100%2CN%3Bsocialservices%2C24.100.100%2CN%3Btranslate%2C24.100.0%2CN%3Bui%2C25.0.0%2CN&reqm=bitrix.sitecorporate&fullmoduleinfo=Y&SUPD_SRS=RU&SUPD_CMP=N
2025-06-21 18:31:30 -  - exec CUpdateClientPartner::GetHTTPPage
2025-06-21 18:31:30 -  - TIME GetUpdatesList(request) 0.358 sec
2025-06-21 18:31:30 -  - exec CUpdateClientPartner::ParseServerData
2025-06-21 18:49:11 -  - exec CUpdateClientPartner::GetUpdatesList
2025-06-21 18:49:11 -  - exec CUpdateClientPartner::__CollectRequestData
2025-06-21 18:49:11 -  - utf=Y&lang=ru&stable=Y&CANGZIP=Y&SUPD_DBS=MYSQL&XE=N&CLIENT_SITE=bzm.local&LICENSE_KEY=X&SUPD_STS=1&SUPD_URS=0&TYPENC=D&CLIENT_PHPVER=8.4.1&NGINX=Y&dbv=8.4.4&instm=main%2C25.100.300%2CY%3Bb24connector%2C24.0.0%2CN%3Bbitrix.sitecorporate%2C24.0.0%2CN%3Bbitrixcloud%2C24.100.0%2CN%3Bclouds%2C25.0.0%2CN%3Bfileman%2C24.500.0%2CN%3Bhighloadblock%2C24.100.0%2CN%3Biblock%2C24.300.0%2CN%3Blanding%2C24.800.0%2CN%3Blocation%2C25.0.0%2CN%3Bmessageservice%2C24.900.0%2CN%3Bperfmon%2C24.200.0%2CN%3Brest%2C25.100.200%2CN%3Bsearch%2C25.0.0%2CN%3Bsecurity%2C24.0.100%2CN%3Bseo%2C24.600.100%2CN%3Bsocialservices%2C24.100.100%2CN%3Btranslate%2C24.100.0%2CN%3Bui%2C25.0.0%2CN&reqm=bitrix.sitecorporate&fullmoduleinfo=Y&SUPD_SRS=RU&SUPD_CMP=N
2025-06-21 18:49:11 -  - exec CUpdateClientPartner::GetHTTPPage
2025-06-21 18:49:11 -  - TIME GetUpdatesList(request) 0.36 sec
2025-06-21 18:49:11 -  - exec CUpdateClientPartner::ParseServerData
2025-06-21 18:49:15 -  - exec CUpdateClientPartner::GetUpdatesList
2025-06-21 18:49:15 -  - exec CUpdateClientPartner::__CollectRequestData
2025-06-21 18:49:15 -  - utf=Y&lang=ru&stable=Y&CANGZIP=Y&SUPD_DBS=MYSQL&XE=N&CLIENT_SITE=bzm.local&LICENSE_KEY=X&SUPD_STS=1&SUPD_URS=0&TYPENC=D&CLIENT_PHPVER=8.4.1&NGINX=Y&dbv=8.4.4&instm=main%2C25.100.300%2CY%3Bb24connector%2C24.0.0%2CN%3Bbitrix.sitecorporate%2C24.0.0%2CN%3Bbitrixcloud%2C24.100.0%2CN%3Bclouds%2C25.0.0%2CN%3Bfileman%2C24.500.0%2CN%3Bhighloadblock%2C24.100.0%2CN%3Biblock%2C24.300.0%2CN%3Blanding%2C24.800.0%2CN%3Blocation%2C25.0.0%2CN%3Bmessageservice%2C24.900.0%2CN%3Bperfmon%2C24.200.0%2CN%3Brest%2C25.100.200%2CN%3Bsearch%2C25.0.0%2CN%3Bsecurity%2C24.0.100%2CN%3Bseo%2C24.600.100%2CN%3Bsocialservices%2C24.100.100%2CN%3Btranslate%2C24.100.0%2CN%3Bui%2C25.0.0%2CN&reqm=bitrix.sitecorporate&fullmoduleinfo=Y&SUPD_SRS=RU&SUPD_CMP=N
2025-06-21 18:49:15 -  - exec CUpdateClientPartner::GetHTTPPage
2025-06-21 18:49:15 -  - TIME GetUpdatesList(request) 0.317 sec
2025-06-21 18:49:15 -  - exec CUpdateClientPartner::ParseServerData
2025-06-21 18:49:18 -  - exec CUpdateClientPartner::GetUpdatesList
2025-06-21 18:49:18 -  - exec CUpdateClientPartner::__CollectRequestData
2025-06-21 18:49:18 -  - utf=Y&lang=ru&stable=Y&CANGZIP=Y&SUPD_DBS=MYSQL&XE=N&CLIENT_SITE=bzm.local&LICENSE_KEY=X&SUPD_STS=1&SUPD_URS=0&TYPENC=D&CLIENT_PHPVER=8.4.1&NGINX=Y&dbv=8.4.4&instm=main%2C25.100.300%2CY%3Bb24connector%2C24.0.0%2CN%3Bbitrix.sitecorporate%2C24.0.0%2CN%3Bbitrixcloud%2C24.100.0%2CN%3Bclouds%2C25.0.0%2CN%3Bfileman%2C24.500.0%2CN%3Bhighloadblock%2C24.100.0%2CN%3Biblock%2C24.300.0%2CN%3Blanding%2C24.800.0%2CN%3Blocation%2C25.0.0%2CN%3Bmessageservice%2C24.900.0%2CN%3Bperfmon%2C24.200.0%2CN%3Brest%2C25.100.200%2CN%3Bsearch%2C25.0.0%2CN%3Bsecurity%2C24.0.100%2CN%3Bseo%2C24.600.100%2CN%3Bsocialservices%2C24.100.100%2CN%3Btranslate%2C24.100.0%2CN%3Bui%2C25.0.0%2CN&reqm=bitrix.sitecorporate&fullmoduleinfo=Y&SUPD_SRS=RU&SUPD_CMP=N
2025-06-21 18:49:18 -  - exec CUpdateClientPartner::GetHTTPPage
2025-06-21 18:49:19 -  - TIME GetUpdatesList(request) 0.357 sec
2025-06-21 18:49:19 -  - exec CUpdateClientPartner::ParseServerData
2025-06-21 18:50:21 -  - exec CUpdateClientPartner::GetUpdatesList
2025-06-21 18:50:21 -  - exec CUpdateClientPartner::__CollectRequestData
2025-06-21 18:50:21 -  - utf=Y&lang=ru&stable=Y&CANGZIP=Y&SUPD_DBS=MYSQL&XE=N&CLIENT_SITE=bzm.local&LICENSE_KEY=X&SUPD_STS=1&SUPD_URS=0&TYPENC=D&CLIENT_PHPVER=8.4.1&NGINX=Y&dbv=8.4.4&instm=main%2C25.100.300%2CY%3Bb24connector%2C24.0.0%2CN%3Bbitrix.sitecorporate%2C24.0.0%2CN%3Bbitrixcloud%2C24.100.0%2CN%3Bclouds%2C25.0.0%2CN%3Bfileman%2C24.500.0%2CN%3Bhighloadblock%2C24.100.0%2CN%3Biblock%2C24.300.0%2CN%3Blanding%2C24.800.0%2CN%3Blocation%2C25.0.0%2CN%3Bmessageservice%2C24.900.0%2CN%3Bperfmon%2C24.200.0%2CN%3Brest%2C25.100.200%2CN%3Bsearch%2C25.0.0%2CN%3Bsecurity%2C24.0.100%2CN%3Bseo%2C24.600.100%2CN%3Bsocialservices%2C24.100.100%2CN%3Btranslate%2C24.100.0%2CN%3Bui%2C25.0.0%2CN&reqm=bitrix.sitecorporate&fullmoduleinfo=Y&SUPD_SRS=RU&SUPD_CMP=N
2025-06-21 18:50:21 -  - exec CUpdateClientPartner::GetHTTPPage
2025-06-21 18:50:21 -  - TIME GetUpdatesList(request) 0.332 sec
2025-06-21 18:50:21 -  - exec CUpdateClientPartner::ParseServerData
2025-06-21 18:51:01 -  - exec CUpdateClientPartner::GetUpdatesList
2025-06-21 18:51:01 -  - exec CUpdateClientPartner::__CollectRequestData
2025-06-21 18:51:01 -  - utf=Y&lang=ru&stable=Y&CANGZIP=Y&SUPD_DBS=MYSQL&XE=N&CLIENT_SITE=bzm.local&LICENSE_KEY=X&SUPD_STS=1&SUPD_URS=0&TYPENC=D&CLIENT_PHPVER=8.4.1&NGINX=Y&dbv=8.4.4&instm=main%2C25.100.300%2CY%3Bb24connector%2C24.0.0%2CN%3Bbitrix.sitecorporate%2C24.0.0%2CN%3Bbitrixcloud%2C24.100.0%2CN%3Bclouds%2C25.0.0%2CN%3Bfileman%2C24.500.0%2CN%3Bhighloadblock%2C24.100.0%2CN%3Biblock%2C24.300.0%2CN%3Blanding%2C24.800.0%2CN%3Blocation%2C25.0.0%2CN%3Bmessageservice%2C24.900.0%2CN%3Bperfmon%2C24.200.0%2CN%3Brest%2C25.100.200%2CN%3Bsearch%2C25.0.0%2CN%3Bsecurity%2C24.0.100%2CN%3Bseo%2C24.600.100%2CN%3Bsocialservices%2C24.100.100%2CN%3Btranslate%2C24.100.0%2CN%3Bui%2C25.0.0%2CN&reqm=bitrix.sitecorporate&fullmoduleinfo=Y&SUPD_SRS=RU&SUPD_CMP=N
2025-06-21 18:51:01 -  - exec CUpdateClientPartner::GetHTTPPage
2025-06-21 18:51:01 -  - TIME GetUpdatesList(request) 0.338 sec
2025-06-21 18:51:01 -  - exec CUpdateClientPartner::ParseServerData
2025-06-21 18:59:34 -  - exec CUpdateClientPartner::GetUpdatesList
2025-06-21 18:59:34 -  - exec CUpdateClientPartner::__CollectRequestData
2025-06-21 18:59:34 -  - utf=Y&lang=ru&stable=Y&CANGZIP=Y&SUPD_DBS=MYSQL&XE=N&CLIENT_SITE=bzm.local&LICENSE_KEY=X&SUPD_STS=1&SUPD_URS=0&TYPENC=D&CLIENT_PHPVER=8.4.1&NGINX=Y&dbv=8.4.4&instm=main%2C25.100.300%2CY%3Bb24connector%2C24.0.0%2CN%3Bbitrix.sitecorporate%2C24.0.0%2CN%3Bbitrixcloud%2C24.100.0%2CN%3Bclouds%2C25.0.0%2CN%3Bfileman%2C24.500.0%2CN%3Bhighloadblock%2C24.100.0%2CN%3Biblock%2C24.300.0%2CN%3Blanding%2C24.800.0%2CN%3Blocation%2C25.0.0%2CN%3Bmessageservice%2C24.900.0%2CN%3Bperfmon%2C24.200.0%2CN%3Brest%2C25.100.200%2CN%3Bsearch%2C25.0.0%2CN%3Bsecurity%2C24.0.100%2CN%3Bseo%2C24.600.100%2CN%3Bsocialservices%2C24.100.100%2CN%3Btranslate%2C24.100.0%2CN%3Bui%2C25.0.0%2CN&reqm=bitrix.sitecorporate&fullmoduleinfo=Y&SUPD_SRS=RU&SUPD_CMP=N
2025-06-21 18:59:34 -  - exec CUpdateClientPartner::GetHTTPPage
2025-06-21 18:59:34 -  - TIME GetUpdatesList(request) 0.355 sec
2025-06-21 18:59:34 -  - exec CUpdateClientPartner::ParseServerData
2025-06-21 20:10:33 -  - exec CUpdateClientPartner::GetUpdatesList
2025-06-21 20:10:33 -  - exec CUpdateClientPartner::__CollectRequestData
2025-06-21 20:10:33 -  - utf=Y&lang=ru&stable=Y&CANGZIP=Y&SUPD_DBS=MYSQL&XE=N&CLIENT_SITE=bzm.local&LICENSE_KEY=X&SUPD_STS=1&SUPD_URS=0&TYPENC=D&CLIENT_PHPVER=8.4.1&NGINX=Y&dbv=8.4.4&instm=main%2C25.100.300%2CY%3Bb24connector%2C24.0.0%2CN%3Bbitrix.sitecorporate%2C24.0.0%2CN%3Bbitrixcloud%2C24.100.0%2CN%3Bclouds%2C25.0.0%2CN%3Bfileman%2C24.500.0%2CN%3Bhighloadblock%2C24.100.0%2CN%3Biblock%2C24.300.0%2CN%3Blanding%2C24.800.0%2CN%3Blocation%2C25.0.0%2CN%3Bmessageservice%2C24.900.0%2CN%3Bperfmon%2C24.200.0%2CN%3Brest%2C25.100.200%2CN%3Bsearch%2C25.0.0%2CN%3Bsecurity%2C24.0.100%2CN%3Bseo%2C24.600.100%2CN%3Bsocialservices%2C24.100.100%2CN%3Btranslate%2C24.100.0%2CN%3Bui%2C25.0.0%2CN&reqm=bitrix.sitecorporate&fullmoduleinfo=Y&SUPD_SRS=RU&SUPD_CMP=N
2025-06-21 20:10:33 -  - exec CUpdateClientPartner::GetHTTPPage
2025-06-21 20:10:33 -  - TIME GetUpdatesList(request) 0.415 sec
2025-06-21 20:10:33 -  - exec CUpdateClientPartner::ParseServerData
2025-06-21 20:10:53 -  - exec CUpdateClientPartner::GetUpdatesList
2025-06-21 20:10:53 -  - exec CUpdateClientPartner::__CollectRequestData
2025-06-21 20:10:53 -  - utf=Y&lang=ru&stable=Y&CANGZIP=Y&SUPD_DBS=MYSQL&XE=N&CLIENT_SITE=bzm.local&LICENSE_KEY=X&SUPD_STS=1&SUPD_URS=0&TYPENC=D&CLIENT_PHPVER=8.4.1&NGINX=Y&dbv=8.4.4&instm=main%2C25.100.300%2CY%3Bb24connector%2C24.0.0%2CN%3Bbitrix.sitecorporate%2C24.0.0%2CN%3Bbitrixcloud%2C24.100.0%2CN%3Bclouds%2C25.0.0%2CN%3Bfileman%2C24.500.0%2CN%3Bhighloadblock%2C24.100.0%2CN%3Biblock%2C24.300.0%2CN%3Blanding%2C24.800.0%2CN%3Blocation%2C25.0.0%2CN%3Bmessageservice%2C24.900.0%2CN%3Bperfmon%2C24.200.0%2CN%3Brest%2C25.100.200%2CN%3Bsearch%2C25.0.0%2CN%3Bsecurity%2C24.0.100%2CN%3Bseo%2C24.600.100%2CN%3Bsocialservices%2C24.100.100%2CN%3Btranslate%2C24.100.0%2CN%3Bui%2C25.0.0%2CN&reqm=bitrix.sitecorporate&fullmoduleinfo=Y&SUPD_SRS=RU&SUPD_CMP=N
2025-06-21 20:10:53 -  - exec CUpdateClientPartner::GetHTTPPage
2025-06-21 20:10:53 -  - TIME GetUpdatesList(request) 0.336 sec
2025-06-21 20:10:53 -  - exec CUpdateClientPartner::ParseServerData
2025-06-21 20:10:58 -  - exec CUpdateClientPartner::GetUpdatesList
2025-06-21 20:10:58 -  - exec CUpdateClientPartner::__CollectRequestData
2025-06-21 20:10:58 -  - utf=Y&lang=ru&stable=Y&CANGZIP=Y&SUPD_DBS=MYSQL&XE=N&CLIENT_SITE=bzm.local&LICENSE_KEY=X&SUPD_STS=1&SUPD_URS=0&TYPENC=D&CLIENT_PHPVER=8.4.1&NGINX=Y&dbv=8.4.4&instm=main%2C25.100.300%2CY%3Bb24connector%2C24.0.0%2CN%3Bbitrix.sitecorporate%2C24.0.0%2CN%3Bbitrixcloud%2C24.100.0%2CN%3Bclouds%2C25.0.0%2CN%3Bfileman%2C24.500.0%2CN%3Bhighloadblock%2C24.100.0%2CN%3Biblock%2C24.300.0%2CN%3Blanding%2C24.800.0%2CN%3Blocation%2C25.0.0%2CN%3Bmessageservice%2C24.900.0%2CN%3Bperfmon%2C24.200.0%2CN%3Brest%2C25.100.200%2CN%3Bsearch%2C25.0.0%2CN%3Bsecurity%2C24.0.100%2CN%3Bseo%2C24.600.100%2CN%3Bsocialservices%2C24.100.100%2CN%3Btranslate%2C24.100.0%2CN%3Bui%2C25.0.0%2CN&reqm=bitrix.sitecorporate&fullmoduleinfo=Y&SUPD_SRS=RU&SUPD_CMP=N
2025-06-21 20:10:58 -  - exec CUpdateClientPartner::GetHTTPPage
2025-06-21 20:10:59 -  - TIME GetUpdatesList(request) 0.33 sec
2025-06-21 20:10:59 -  - exec CUpdateClientPartner::ParseServerData
2025-06-21 20:22:25 -  - exec CUpdateClientPartner::GetUpdatesList
2025-06-21 20:22:25 -  - exec CUpdateClientPartner::__CollectRequestData
2025-06-21 20:22:25 -  - utf=Y&lang=ru&stable=Y&CANGZIP=Y&SUPD_DBS=MYSQL&XE=N&CLIENT_SITE=bzm.local&LICENSE_KEY=X&SUPD_STS=1&SUPD_URS=0&TYPENC=D&CLIENT_PHPVER=8.4.1&NGINX=Y&dbv=8.4.4&instm=main%2C25.100.300%2CY%3Bb24connector%2C24.0.0%2CN%3Bbitrix.sitecorporate%2C24.0.0%2CN%3Bbitrixcloud%2C24.100.0%2CN%3Bclouds%2C25.0.0%2CN%3Bfileman%2C24.500.0%2CN%3Bhighloadblock%2C24.100.0%2CN%3Biblock%2C24.300.0%2CN%3Blanding%2C24.800.0%2CN%3Blocation%2C25.0.0%2CN%3Bmessageservice%2C24.900.0%2CN%3Bperfmon%2C24.200.0%2CN%3Brest%2C25.100.200%2CN%3Bsearch%2C25.0.0%2CN%3Bsecurity%2C24.0.100%2CN%3Bseo%2C24.600.100%2CN%3Bsocialservices%2C24.100.100%2CN%3Btranslate%2C24.100.0%2CN%3Bui%2C25.0.0%2CN&reqm=bitrix.sitecorporate&fullmoduleinfo=Y&SUPD_SRS=RU&SUPD_CMP=N
2025-06-21 20:22:25 -  - exec CUpdateClientPartner::GetHTTPPage
2025-06-21 20:22:25 -  - TIME GetUpdatesList(request) 0.355 sec
2025-06-21 20:22:25 -  - exec CUpdateClientPartner::ParseServerData
2025-06-21 20:22:27 -  - exec CUpdateClientPartner::GetUpdatesList
2025-06-21 20:22:27 -  - exec CUpdateClientPartner::__CollectRequestData
2025-06-21 20:22:27 -  - utf=Y&lang=ru&stable=Y&CANGZIP=Y&SUPD_DBS=MYSQL&XE=N&CLIENT_SITE=bzm.local&LICENSE_KEY=X&SUPD_STS=1&SUPD_URS=0&TYPENC=D&CLIENT_PHPVER=8.4.1&NGINX=Y&dbv=8.4.4&instm=main%2C25.100.300%2CY%3Bb24connector%2C24.0.0%2CN%3Bbitrix.sitecorporate%2C24.0.0%2CN%3Bbitrixcloud%2C24.100.0%2CN%3Bclouds%2C25.0.0%2CN%3Bfileman%2C24.500.0%2CN%3Bhighloadblock%2C24.100.0%2CN%3Biblock%2C24.300.0%2CN%3Blanding%2C24.800.0%2CN%3Blocation%2C25.0.0%2CN%3Bmessageservice%2C24.900.0%2CN%3Bperfmon%2C24.200.0%2CN%3Brest%2C25.100.200%2CN%3Bsearch%2C25.0.0%2CN%3Bsecurity%2C24.0.100%2CN%3Bseo%2C24.600.100%2CN%3Bsocialservices%2C24.100.100%2CN%3Btranslate%2C24.100.0%2CN%3Bui%2C25.0.0%2CN&reqm=bitrix.sitecorporate&fullmoduleinfo=Y&SUPD_SRS=RU&SUPD_CMP=N
2025-06-21 20:22:27 -  - exec CUpdateClientPartner::GetHTTPPage
2025-06-21 20:22:28 -  - TIME GetUpdatesList(request) 0.376 sec
2025-06-21 20:22:28 -  - exec CUpdateClientPartner::ParseServerData
2025-06-21 20:22:28 -  - exec CUpdateClientPartner::GetUpdatesList
2025-06-21 20:22:28 -  - exec CUpdateClientPartner::__CollectRequestData
2025-06-21 20:22:28 -  - utf=Y&lang=ru&stable=Y&CANGZIP=Y&SUPD_DBS=MYSQL&XE=N&CLIENT_SITE=bzm.local&LICENSE_KEY=X&SUPD_STS=1&SUPD_URS=0&TYPENC=D&CLIENT_PHPVER=8.4.1&NGINX=Y&dbv=8.4.4&instm=main%2C25.100.300%2CY%3Bb24connector%2C24.0.0%2CN%3Bbitrix.sitecorporate%2C24.0.0%2CN%3Bbitrixcloud%2C24.100.0%2CN%3Bclouds%2C25.0.0%2CN%3Bfileman%2C24.500.0%2CN%3Bhighloadblock%2C24.100.0%2CN%3Biblock%2C24.300.0%2CN%3Blanding%2C24.800.0%2CN%3Blocation%2C25.0.0%2CN%3Bmessageservice%2C24.900.0%2CN%3Bperfmon%2C24.200.0%2CN%3Brest%2C25.100.200%2CN%3Bsearch%2C25.0.0%2CN%3Bsecurity%2C24.0.100%2CN%3Bseo%2C24.600.100%2CN%3Bsocialservices%2C24.100.100%2CN%3Btranslate%2C24.100.0%2CN%3Bui%2C25.0.0%2CN&reqm=bitrix.sitecorporate&fullmoduleinfo=Y&SUPD_SRS=RU&SUPD_CMP=N
2025-06-21 20:22:28 -  - exec CUpdateClientPartner::GetHTTPPage
2025-06-21 20:22:28 -  - TIME GetUpdatesList(request) 0.38 sec
2025-06-21 20:22:28 -  - exec CUpdateClientPartner::ParseServerData
2025-06-21 20:22:32 -  - exec CUpdateClientPartner::GetUpdatesList
2025-06-21 20:22:32 -  - exec CUpdateClientPartner::__CollectRequestData
2025-06-21 20:22:32 -  - utf=Y&lang=ru&stable=Y&CANGZIP=Y&SUPD_DBS=MYSQL&XE=N&CLIENT_SITE=bzm.local&LICENSE_KEY=X&SUPD_STS=1&SUPD_URS=0&TYPENC=D&CLIENT_PHPVER=8.4.1&NGINX=Y&dbv=8.4.4&instm=main%2C25.100.300%2CY%3Bb24connector%2C24.0.0%2CN%3Bbitrix.sitecorporate%2C24.0.0%2CN%3Bbitrixcloud%2C24.100.0%2CN%3Bclouds%2C25.0.0%2CN%3Bfileman%2C24.500.0%2CN%3Bhighloadblock%2C24.100.0%2CN%3Biblock%2C24.300.0%2CN%3Blanding%2C24.800.0%2CN%3Blocation%2C25.0.0%2CN%3Bmessageservice%2C24.900.0%2CN%3Bperfmon%2C24.200.0%2CN%3Brest%2C25.100.200%2CN%3Bsearch%2C25.0.0%2CN%3Bsecurity%2C24.0.100%2CN%3Bseo%2C24.600.100%2CN%3Bsocialservices%2C24.100.100%2CN%3Btranslate%2C24.100.0%2CN%3Bui%2C25.0.0%2CN&reqm=bitrix.sitecorporate&fullmoduleinfo=Y&SUPD_SRS=RU&SUPD_CMP=N
2025-06-21 20:22:32 -  - exec CUpdateClientPartner::GetHTTPPage
2025-06-21 20:22:33 -  - TIME GetUpdatesList(request) 0.496 sec
2025-06-21 20:22:33 -  - exec CUpdateClientPartner::ParseServerData
2025-06-21 20:22:39 -  - exec CUpdateClientPartner::GetUpdatesList
2025-06-21 20:22:39 -  - exec CUpdateClientPartner::__CollectRequestData
2025-06-21 20:22:39 -  - utf=Y&lang=ru&stable=Y&CANGZIP=Y&SUPD_DBS=MYSQL&XE=N&CLIENT_SITE=bzm.local&LICENSE_KEY=X&SUPD_STS=1&SUPD_URS=0&TYPENC=D&CLIENT_PHPVER=8.4.1&NGINX=Y&dbv=8.4.4&instm=main%2C25.100.300%2CY%3Bb24connector%2C24.0.0%2CN%3Bbitrix.sitecorporate%2C24.0.0%2CN%3Bbitrixcloud%2C24.100.0%2CN%3Bclouds%2C25.0.0%2CN%3Bfileman%2C24.500.0%2CN%3Bhighloadblock%2C24.100.0%2CN%3Biblock%2C24.300.0%2CN%3Blanding%2C24.800.0%2CN%3Blocation%2C25.0.0%2CN%3Bmessageservice%2C24.900.0%2CN%3Bperfmon%2C24.200.0%2CN%3Brest%2C25.100.200%2CN%3Bsearch%2C25.0.0%2CN%3Bsecurity%2C24.0.100%2CN%3Bseo%2C24.600.100%2CN%3Bsocialservices%2C24.100.100%2CN%3Btranslate%2C24.100.0%2CN%3Bui%2C25.0.0%2CN&reqm=bitrix.sitecorporate&fullmoduleinfo=Y&SUPD_SRS=RU&SUPD_CMP=N
2025-06-21 20:22:39 -  - exec CUpdateClientPartner::GetHTTPPage
2025-06-21 20:22:39 -  - TIME GetUpdatesList(request) 0.459 sec
2025-06-21 20:22:39 -  - exec CUpdateClientPartner::ParseServerData
2025-06-21 20:22:40 -  - exec CUpdateClientPartner::GetUpdatesList
2025-06-21 20:22:40 -  - exec CUpdateClientPartner::__CollectRequestData
2025-06-21 20:22:40 -  - utf=Y&lang=ru&stable=Y&CANGZIP=Y&SUPD_DBS=MYSQL&XE=N&CLIENT_SITE=bzm.local&LICENSE_KEY=X&SUPD_STS=1&SUPD_URS=0&TYPENC=D&CLIENT_PHPVER=8.4.1&NGINX=Y&dbv=8.4.4&instm=main%2C25.100.300%2CY%3Bb24connector%2C24.0.0%2CN%3Bbitrix.sitecorporate%2C24.0.0%2CN%3Bbitrixcloud%2C24.100.0%2CN%3Bclouds%2C25.0.0%2CN%3Bfileman%2C24.500.0%2CN%3Bhighloadblock%2C24.100.0%2CN%3Biblock%2C24.300.0%2CN%3Blanding%2C24.800.0%2CN%3Blocation%2C25.0.0%2CN%3Bmessageservice%2C24.900.0%2CN%3Bperfmon%2C24.200.0%2CN%3Brest%2C25.100.200%2CN%3Bsearch%2C25.0.0%2CN%3Bsecurity%2C24.0.100%2CN%3Bseo%2C24.600.100%2CN%3Bsocialservices%2C24.100.100%2CN%3Btranslate%2C24.100.0%2CN%3Bui%2C25.0.0%2CN&reqm=bitrix.sitecorporate&fullmoduleinfo=Y&SUPD_SRS=RU&SUPD_CMP=N
2025-06-21 20:22:40 -  - exec CUpdateClientPartner::GetHTTPPage
2025-06-21 20:22:40 -  - TIME GetUpdatesList(request) 0.341 sec
2025-06-21 20:22:40 -  - exec CUpdateClientPartner::ParseServerData
2025-06-21 20:39:30 -  - exec CUpdateClientPartner::GetUpdatesList
2025-06-21 20:39:30 -  - exec CUpdateClientPartner::__CollectRequestData
2025-06-21 20:39:30 -  - utf=Y&lang=ru&stable=Y&CANGZIP=Y&SUPD_DBS=MYSQL&XE=N&CLIENT_SITE=bzm.local&LICENSE_KEY=X&SUPD_STS=1&SUPD_URS=0&TYPENC=D&CLIENT_PHPVER=8.4.1&NGINX=Y&dbv=8.4.4&instm=main%2C25.100.300%2CY%3Bb24connector%2C24.0.0%2CN%3Bbitrix.sitecorporate%2C24.0.0%2CN%3Bbitrixcloud%2C24.100.0%2CN%3Bclouds%2C25.0.0%2CN%3Bfileman%2C24.500.0%2CN%3Bhighloadblock%2C24.100.0%2CN%3Biblock%2C24.300.0%2CN%3Blanding%2C24.800.0%2CN%3Blocation%2C25.0.0%2CN%3Bmessageservice%2C24.900.0%2CN%3Bperfmon%2C24.200.0%2CN%3Brest%2C25.100.200%2CN%3Bsearch%2C25.0.0%2CN%3Bsecurity%2C24.0.100%2CN%3Bseo%2C24.600.100%2CN%3Bsocialservices%2C24.100.100%2CN%3Btranslate%2C24.100.0%2CN%3Bui%2C25.0.0%2CN&reqm=bitrix.sitecorporate&fullmoduleinfo=Y&SUPD_SRS=RU&SUPD_CMP=N
2025-06-21 20:39:30 -  - exec CUpdateClientPartner::GetHTTPPage
2025-06-21 20:39:31 -  - TIME GetUpdatesList(request) 0.351 sec
2025-06-21 20:39:31 -  - exec CUpdateClientPartner::ParseServerData
2025-06-21 20:44:56 -  - exec CUpdateClientPartner::GetUpdatesList
2025-06-21 20:44:56 -  - exec CUpdateClientPartner::__CollectRequestData
2025-06-21 20:44:56 -  - utf=Y&lang=ru&stable=Y&CANGZIP=Y&SUPD_DBS=MYSQL&XE=N&CLIENT_SITE=bzm.local&LICENSE_KEY=X&SUPD_STS=1&SUPD_URS=0&TYPENC=D&CLIENT_PHPVER=8.4.1&NGINX=Y&dbv=8.4.4&instm=main%2C25.100.300%2CY%3Bb24connector%2C24.0.0%2CN%3Bbitrix.sitecorporate%2C24.0.0%2CN%3Bbitrixcloud%2C24.100.0%2CN%3Bclouds%2C25.0.0%2CN%3Bfileman%2C24.500.0%2CN%3Bhighloadblock%2C24.100.0%2CN%3Biblock%2C24.300.0%2CN%3Blanding%2C24.800.0%2CN%3Blocation%2C25.0.0%2CN%3Bmessageservice%2C24.900.0%2CN%3Bperfmon%2C24.200.0%2CN%3Brest%2C25.100.200%2CN%3Bsearch%2C25.0.0%2CN%3Bsecurity%2C24.0.100%2CN%3Bseo%2C24.600.100%2CN%3Bsocialservices%2C24.100.100%2CN%3Btranslate%2C24.100.0%2CN%3Bui%2C25.0.0%2CN&reqm=bitrix.sitecorporate&fullmoduleinfo=Y&SUPD_SRS=RU&SUPD_CMP=N
2025-06-21 20:44:56 -  - exec CUpdateClientPartner::GetHTTPPage
2025-06-21 20:44:56 -  - TIME GetUpdatesList(request) 0.335 sec
2025-06-21 20:44:56 -  - exec CUpdateClientPartner::ParseServerData
2025-06-21 20:54:49 -  - exec CUpdateClientPartner::GetUpdatesList
2025-06-21 20:54:49 -  - exec CUpdateClientPartner::__CollectRequestData
2025-06-21 20:54:49 -  - utf=Y&lang=ru&stable=Y&CANGZIP=Y&SUPD_DBS=MYSQL&XE=N&CLIENT_SITE=bzm.local&LICENSE_KEY=X&SUPD_STS=1&SUPD_URS=0&TYPENC=D&CLIENT_PHPVER=8.4.1&NGINX=Y&dbv=8.4.4&instm=main%2C25.100.300%2CY%3Bb24connector%2C24.0.0%2CN%3Bbitrix.sitecorporate%2C24.0.0%2CN%3Bbitrixcloud%2C24.100.0%2CN%3Bclouds%2C25.0.0%2CN%3Bfileman%2C24.500.0%2CN%3Bhighloadblock%2C24.100.0%2CN%3Biblock%2C24.300.0%2CN%3Blanding%2C24.800.0%2CN%3Blocation%2C25.0.0%2CN%3Bmessageservice%2C24.900.0%2CN%3Bperfmon%2C24.200.0%2CN%3Brest%2C25.100.200%2CN%3Bsearch%2C25.0.0%2CN%3Bsecurity%2C24.0.100%2CN%3Bseo%2C24.600.100%2CN%3Bsocialservices%2C24.100.100%2CN%3Btranslate%2C24.100.0%2CN%3Bui%2C25.0.0%2CN&reqm=bitrix.sitecorporate&fullmoduleinfo=Y&SUPD_SRS=RU&SUPD_CMP=N
2025-06-21 20:54:49 -  - exec CUpdateClientPartner::GetHTTPPage
2025-06-21 20:54:50 -  - TIME GetUpdatesList(request) 0.329 sec
2025-06-21 20:54:50 -  - exec CUpdateClientPartner::ParseServerData
2025-06-21 20:57:27 -  - exec CUpdateClientPartner::GetUpdatesList
2025-06-21 20:57:27 -  - exec CUpdateClientPartner::__CollectRequestData
2025-06-21 20:57:27 -  - utf=Y&lang=ru&stable=Y&CANGZIP=Y&SUPD_DBS=MYSQL&XE=N&CLIENT_SITE=bzm.local&LICENSE_KEY=X&SUPD_STS=1&SUPD_URS=0&TYPENC=D&CLIENT_PHPVER=8.4.1&NGINX=Y&dbv=8.4.4&instm=main%2C25.100.300%2CY%3Bb24connector%2C24.0.0%2CN%3Bbitrix.sitecorporate%2C24.0.0%2CN%3Bbitrixcloud%2C24.100.0%2CN%3Bclouds%2C25.0.0%2CN%3Bfileman%2C24.500.0%2CN%3Bhighloadblock%2C24.100.0%2CN%3Biblock%2C24.300.0%2CN%3Blanding%2C24.800.0%2CN%3Blocation%2C25.0.0%2CN%3Bmessageservice%2C24.900.0%2CN%3Bperfmon%2C24.200.0%2CN%3Brest%2C25.100.200%2CN%3Bsearch%2C25.0.0%2CN%3Bsecurity%2C24.0.100%2CN%3Bseo%2C24.600.100%2CN%3Bsocialservices%2C24.100.100%2CN%3Btranslate%2C24.100.0%2CN%3Bui%2C25.0.0%2CN&reqm=bitrix.sitecorporate&fullmoduleinfo=Y&SUPD_SRS=RU&SUPD_CMP=N
2025-06-21 20:57:27 -  - exec CUpdateClientPartner::GetHTTPPage
2025-06-21 20:57:28 -  - TIME GetUpdatesList(request) 0.368 sec
2025-06-21 20:57:28 -  - exec CUpdateClientPartner::ParseServerData
2025-06-21 21:19:20 -  - exec CUpdateClientPartner::GetUpdatesList
2025-06-21 21:19:20 -  - exec CUpdateClientPartner::__CollectRequestData
2025-06-21 21:19:20 -  - utf=Y&lang=ru&stable=Y&CANGZIP=Y&SUPD_DBS=MYSQL&XE=N&CLIENT_SITE=bzm.local&LICENSE_KEY=X&SUPD_STS=1&SUPD_URS=0&TYPENC=D&CLIENT_PHPVER=8.4.1&NGINX=Y&dbv=8.4.4&instm=main%2C25.100.300%2CY%3Bb24connector%2C24.0.0%2CN%3Bbitrix.sitecorporate%2C24.0.0%2CN%3Bbitrixcloud%2C24.100.0%2CN%3Bclouds%2C25.0.0%2CN%3Bfileman%2C24.500.0%2CN%3Bhighloadblock%2C24.100.0%2CN%3Biblock%2C24.300.0%2CN%3Blanding%2C24.800.0%2CN%3Blocation%2C25.0.0%2CN%3Bmessageservice%2C24.900.0%2CN%3Bperfmon%2C24.200.0%2CN%3Brest%2C25.100.200%2CN%3Bsearch%2C25.0.0%2CN%3Bsecurity%2C24.0.100%2CN%3Bseo%2C24.600.100%2CN%3Bsocialservices%2C24.100.100%2CN%3Btranslate%2C24.100.0%2CN%3Bui%2C25.0.0%2CN&reqm=bitrix.sitecorporate&fullmoduleinfo=Y&SUPD_SRS=RU&SUPD_CMP=N
2025-06-21 21:19:20 -  - exec CUpdateClientPartner::GetHTTPPage
2025-06-21 21:19:20 -  - TIME GetUpdatesList(request) 0.474 sec
2025-06-21 21:19:20 -  - exec CUpdateClientPartner::ParseServerData
2025-06-21 21:19:43 -  - exec CUpdateClientPartner::GetUpdatesList
2025-06-21 21:19:43 -  - exec CUpdateClientPartner::__CollectRequestData
2025-06-21 21:19:43 -  - utf=Y&lang=ru&stable=Y&CANGZIP=Y&SUPD_DBS=MYSQL&XE=N&CLIENT_SITE=bzm.local&LICENSE_KEY=X&SUPD_STS=1&SUPD_URS=0&TYPENC=D&CLIENT_PHPVER=8.4.1&NGINX=Y&dbv=8.4.4&instm=main%2C25.100.300%2CY%3Bb24connector%2C24.0.0%2CN%3Bbitrix.sitecorporate%2C24.0.0%2CN%3Bbitrixcloud%2C24.100.0%2CN%3Bclouds%2C25.0.0%2CN%3Bfileman%2C24.500.0%2CN%3Bhighloadblock%2C24.100.0%2CN%3Biblock%2C24.300.0%2CN%3Blanding%2C24.800.0%2CN%3Blocation%2C25.0.0%2CN%3Bmessageservice%2C24.900.0%2CN%3Bperfmon%2C24.200.0%2CN%3Brest%2C25.100.200%2CN%3Bsearch%2C25.0.0%2CN%3Bsecurity%2C24.0.100%2CN%3Bseo%2C24.600.100%2CN%3Bsocialservices%2C24.100.100%2CN%3Btranslate%2C24.100.0%2CN%3Bui%2C25.0.0%2CN&reqm=bitrix.sitecorporate&fullmoduleinfo=Y&SUPD_SRS=RU&SUPD_CMP=N
2025-06-21 21:19:43 -  - exec CUpdateClientPartner::GetHTTPPage
2025-06-21 21:19:44 -  - TIME GetUpdatesList(request) 0.386 sec
2025-06-21 21:19:44 -  - exec CUpdateClientPartner::ParseServerData
2025-06-21 21:23:07 -  - exec CUpdateClientPartner::GetUpdatesList
2025-06-21 21:23:07 -  - exec CUpdateClientPartner::__CollectRequestData
2025-06-21 21:23:07 -  - utf=Y&lang=ru&stable=Y&CANGZIP=Y&SUPD_DBS=MYSQL&XE=N&CLIENT_SITE=bzm.local&LICENSE_KEY=X&SUPD_STS=1&SUPD_URS=0&TYPENC=D&CLIENT_PHPVER=8.4.1&NGINX=Y&dbv=8.4.4&instm=main%2C25.100.300%2CY%3Bb24connector%2C24.0.0%2CN%3Bbitrix.sitecorporate%2C24.0.0%2CN%3Bbitrixcloud%2C24.100.0%2CN%3Bclouds%2C25.0.0%2CN%3Bfileman%2C24.500.0%2CN%3Bhighloadblock%2C24.100.0%2CN%3Biblock%2C24.300.0%2CN%3Blanding%2C24.800.0%2CN%3Blocation%2C25.0.0%2CN%3Bmessageservice%2C24.900.0%2CN%3Bperfmon%2C24.200.0%2CN%3Brest%2C25.100.200%2CN%3Bsearch%2C25.0.0%2CN%3Bsecurity%2C24.0.100%2CN%3Bseo%2C24.600.100%2CN%3Bsocialservices%2C24.100.100%2CN%3Btranslate%2C24.100.0%2CN%3Bui%2C25.0.0%2CN&reqm=bitrix.sitecorporate&fullmoduleinfo=Y&SUPD_SRS=RU&SUPD_CMP=N
2025-06-21 21:23:07 -  - exec CUpdateClientPartner::GetHTTPPage
2025-06-21 21:23:07 -  - TIME GetUpdatesList(request) 0.367 sec
2025-06-21 21:23:07 -  - exec CUpdateClientPartner::ParseServerData
2025-06-21 21:23:08 -  - exec CUpdateClientPartner::GetUpdatesList
2025-06-21 21:23:08 -  - exec CUpdateClientPartner::__CollectRequestData
2025-06-21 21:23:08 -  - utf=Y&lang=ru&stable=Y&CANGZIP=Y&SUPD_DBS=MYSQL&XE=N&CLIENT_SITE=bzm.local&LICENSE_KEY=X&SUPD_STS=1&SUPD_URS=0&TYPENC=D&CLIENT_PHPVER=8.4.1&NGINX=Y&dbv=8.4.4&instm=main%2C25.100.300%2CY%3Bb24connector%2C24.0.0%2CN%3Bbitrix.sitecorporate%2C24.0.0%2CN%3Bbitrixcloud%2C24.100.0%2CN%3Bclouds%2C25.0.0%2CN%3Bfileman%2C24.500.0%2CN%3Bhighloadblock%2C24.100.0%2CN%3Biblock%2C24.300.0%2CN%3Blanding%2C24.800.0%2CN%3Blocation%2C25.0.0%2CN%3Bmessageservice%2C24.900.0%2CN%3Bperfmon%2C24.200.0%2CN%3Brest%2C25.100.200%2CN%3Bsearch%2C25.0.0%2CN%3Bsecurity%2C24.0.100%2CN%3Bseo%2C24.600.100%2CN%3Bsocialservices%2C24.100.100%2CN%3Btranslate%2C24.100.0%2CN%3Bui%2C25.0.0%2CN&reqm=bitrix.sitecorporate&SUPD_SRS=RU&SUPD_CMP=N
2025-06-21 21:23:08 -  - exec CUpdateClientPartner::GetHTTPPage
2025-06-21 21:23:09 -  - TIME GetUpdatesList(request) 0.39 sec
2025-06-21 21:23:09 -  - exec CUpdateClientPartner::ParseServerData
2025-06-21 21:23:20 -  - exec CUpdateClientPartner::GetUpdatesList
2025-06-21 21:23:20 -  - exec CUpdateClientPartner::__CollectRequestData
2025-06-21 21:23:20 -  - utf=Y&lang=ru&stable=Y&CANGZIP=Y&SUPD_DBS=MYSQL&XE=N&CLIENT_SITE=bzm.local&LICENSE_KEY=X&SUPD_STS=1&SUPD_URS=0&TYPENC=D&CLIENT_PHPVER=8.4.1&NGINX=Y&dbv=8.4.4&instm=main%2C25.100.300%2CY%3Bb24connector%2C24.0.0%2CN%3Bbitrix.sitecorporate%2C24.0.0%2CN%3Bbitrixcloud%2C24.100.0%2CN%3Bclouds%2C25.0.0%2CN%3Bfileman%2C24.500.0%2CN%3Bhighloadblock%2C24.100.0%2CN%3Biblock%2C24.300.0%2CN%3Blanding%2C24.800.0%2CN%3Blocation%2C25.0.0%2CN%3Bmessageservice%2C24.900.0%2CN%3Bperfmon%2C24.200.0%2CN%3Brest%2C25.100.200%2CN%3Bsearch%2C25.0.0%2CN%3Bsecurity%2C24.0.100%2CN%3Bseo%2C24.600.100%2CN%3Bsocialservices%2C24.100.100%2CN%3Btranslate%2C24.100.0%2CN%3Bui%2C25.0.0%2CN&reqm=bitrix.sitecorporate&fullmoduleinfo=Y&SUPD_SRS=RU&SUPD_CMP=N
2025-06-21 21:23:20 -  - exec CUpdateClientPartner::GetHTTPPage
2025-06-21 21:23:21 -  - TIME GetUpdatesList(request) 0.315 sec
2025-06-21 21:23:21 -  - exec CUpdateClientPartner::ParseServerData
2025-06-21 21:27:10 -  - exec CUpdateClientPartner::GetUpdatesList
2025-06-21 21:27:10 -  - exec CUpdateClientPartner::__CollectRequestData
2025-06-21 21:27:10 -  - utf=Y&lang=ru&stable=Y&CANGZIP=Y&SUPD_DBS=MYSQL&XE=N&CLIENT_SITE=bzm.local&LICENSE_KEY=X&SUPD_STS=1&SUPD_URS=0&TYPENC=D&CLIENT_PHPVER=8.4.1&NGINX=Y&dbv=8.4.4&instm=main%2C25.100.300%2CY%3Bb24connector%2C24.0.0%2CN%3Bbitrix.sitecorporate%2C24.0.0%2CN%3Bbitrixcloud%2C24.100.0%2CN%3Bclouds%2C25.0.0%2CN%3Bfileman%2C24.500.0%2CN%3Bhighloadblock%2C24.100.0%2CN%3Biblock%2C24.300.0%2CN%3Blanding%2C24.800.0%2CN%3Blocation%2C25.0.0%2CN%3Bmessageservice%2C24.900.0%2CN%3Bperfmon%2C24.200.0%2CN%3Brest%2C25.100.200%2CN%3Bsearch%2C25.0.0%2CN%3Bsecurity%2C24.0.100%2CN%3Bseo%2C24.600.100%2CN%3Bsocialservices%2C24.100.100%2CN%3Btranslate%2C24.100.0%2CN%3Bui%2C25.0.0%2CN&reqm=bitrix.sitecorporate&fullmoduleinfo=Y&SUPD_SRS=RU&SUPD_CMP=N
2025-06-21 21:27:10 -  - exec CUpdateClientPartner::GetHTTPPage
2025-06-21 21:27:10 -  - TIME GetUpdatesList(request) 0.347 sec
2025-06-21 21:27:10 -  - exec CUpdateClientPartner::ParseServerData
2025-06-21 21:28:05 -  - exec CUpdateClientPartner::GetUpdatesList
2025-06-21 21:28:05 -  - exec CUpdateClientPartner::__CollectRequestData
2025-06-21 21:28:05 -  - utf=Y&lang=ru&stable=Y&CANGZIP=Y&SUPD_DBS=MYSQL&XE=N&CLIENT_SITE=bzm.local&LICENSE_KEY=X&SUPD_STS=1&SUPD_URS=0&TYPENC=D&CLIENT_PHPVER=8.4.1&NGINX=Y&dbv=8.4.4&instm=main%2C25.100.300%2CY%3Bb24connector%2C24.0.0%2CN%3Bbitrix.sitecorporate%2C24.0.0%2CN%3Bbitrixcloud%2C24.100.0%2CN%3Bclouds%2C25.0.0%2CN%3Bfileman%2C24.500.0%2CN%3Bhighloadblock%2C24.100.0%2CN%3Biblock%2C24.300.0%2CN%3Blanding%2C24.800.0%2CN%3Blocation%2C25.0.0%2CN%3Bmessageservice%2C24.900.0%2CN%3Bperfmon%2C24.200.0%2CN%3Brest%2C25.100.200%2CN%3Bsearch%2C25.0.0%2CN%3Bsecurity%2C24.0.100%2CN%3Bseo%2C24.600.100%2CN%3Bsocialservices%2C24.100.100%2CN%3Btranslate%2C24.100.0%2CN%3Bui%2C25.0.0%2CN&reqm=bitrix.sitecorporate&fullmoduleinfo=Y&SUPD_SRS=RU&SUPD_CMP=N
2025-06-21 21:28:05 -  - exec CUpdateClientPartner::GetHTTPPage
2025-06-21 21:28:05 -  - TIME GetUpdatesList(request) 0.339 sec
2025-06-21 21:28:05 -  - exec CUpdateClientPartner::ParseServerData
2025-06-21 21:37:30 -  - exec CUpdateClientPartner::GetUpdatesList
2025-06-21 21:37:30 -  - exec CUpdateClientPartner::__CollectRequestData
2025-06-21 21:37:30 -  - utf=Y&lang=ru&stable=Y&CANGZIP=Y&SUPD_DBS=MYSQL&XE=N&CLIENT_SITE=bzm.local&LICENSE_KEY=X&SUPD_STS=1&SUPD_URS=0&TYPENC=D&CLIENT_PHPVER=8.4.1&NGINX=Y&dbv=8.4.4&instm=main%2C25.100.300%2CY%3Bb24connector%2C24.0.0%2CN%3Bbitrix.sitecorporate%2C24.0.0%2CN%3Bbitrixcloud%2C24.100.0%2CN%3Bclouds%2C25.0.0%2CN%3Bfileman%2C24.500.0%2CN%3Bhighloadblock%2C24.100.0%2CN%3Biblock%2C24.300.0%2CN%3Blanding%2C24.800.0%2CN%3Blocation%2C25.0.0%2CN%3Bmessageservice%2C24.900.0%2CN%3Bperfmon%2C24.200.0%2CN%3Brest%2C25.100.200%2CN%3Bsearch%2C25.0.0%2CN%3Bsecurity%2C24.0.100%2CN%3Bseo%2C24.600.100%2CN%3Bsocialservices%2C24.100.100%2CN%3Btranslate%2C24.100.0%2CN%3Bui%2C25.0.0%2CN&reqm=bitrix.sitecorporate&fullmoduleinfo=Y&SUPD_SRS=RU&SUPD_CMP=N
2025-06-21 21:37:30 -  - exec CUpdateClientPartner::GetHTTPPage
2025-06-21 21:37:30 -  - TIME GetUpdatesList(request) 0.327 sec
2025-06-21 21:37:30 -  - exec CUpdateClientPartner::ParseServerData
2025-06-21 21:57:17 -  - exec CUpdateClientPartner::GetUpdatesList
2025-06-21 21:57:17 -  - exec CUpdateClientPartner::__CollectRequestData
2025-06-21 21:57:17 -  - utf=Y&lang=ru&stable=Y&CANGZIP=Y&SUPD_DBS=MYSQL&XE=N&CLIENT_SITE=bzm.local&LICENSE_KEY=X&SUPD_STS=1&SUPD_URS=0&TYPENC=D&CLIENT_PHPVER=8.4.1&NGINX=Y&dbv=8.4.4&instm=main%2C25.100.300%2CY%3Bb24connector%2C24.0.0%2CN%3Bbitrix.sitecorporate%2C24.0.0%2CN%3Bbitrixcloud%2C24.100.0%2CN%3Bclouds%2C25.0.0%2CN%3Bfileman%2C24.500.0%2CN%3Bhighloadblock%2C24.100.0%2CN%3Biblock%2C24.300.0%2CN%3Blanding%2C24.800.0%2CN%3Blocation%2C25.0.0%2CN%3Bmessageservice%2C24.900.0%2CN%3Bperfmon%2C24.200.0%2CN%3Brest%2C25.100.200%2CN%3Bsearch%2C25.0.0%2CN%3Bsecurity%2C24.0.100%2CN%3Bseo%2C24.600.100%2CN%3Bsocialservices%2C24.100.100%2CN%3Btranslate%2C24.100.0%2CN%3Bui%2C25.0.0%2CN&reqm=bitrix.sitecorporate&fullmoduleinfo=Y&SUPD_SRS=RU&SUPD_CMP=N
2025-06-21 21:57:17 -  - exec CUpdateClientPartner::GetHTTPPage
2025-06-21 21:57:18 -  - TIME GetUpdatesList(request) 1.352 sec
2025-06-21 21:57:18 -  - exec CUpdateClientPartner::ParseServerData
2025-06-21 21:57:48 -  - exec CUpdateClientPartner::GetUpdatesList
2025-06-21 21:57:48 -  - exec CUpdateClientPartner::__CollectRequestData
2025-06-21 21:57:48 -  - utf=Y&lang=ru&stable=Y&CANGZIP=Y&SUPD_DBS=MYSQL&XE=N&CLIENT_SITE=bzm.local&LICENSE_KEY=X&SUPD_STS=1&SUPD_URS=0&TYPENC=D&CLIENT_PHPVER=8.4.1&NGINX=Y&dbv=8.4.4&instm=main%2C25.100.300%2CY%3Bb24connector%2C24.0.0%2CN%3Bbitrix.sitecorporate%2C24.0.0%2CN%3Bbitrixcloud%2C24.100.0%2CN%3Bclouds%2C25.0.0%2CN%3Bfileman%2C24.500.0%2CN%3Bhighloadblock%2C24.100.0%2CN%3Biblock%2C24.300.0%2CN%3Blanding%2C24.800.0%2CN%3Blocation%2C25.0.0%2CN%3Bmessageservice%2C24.900.0%2CN%3Bperfmon%2C24.200.0%2CN%3Brest%2C25.100.200%2CN%3Bsearch%2C25.0.0%2CN%3Bsecurity%2C24.0.100%2CN%3Bseo%2C24.600.100%2CN%3Bsocialservices%2C24.100.100%2CN%3Btranslate%2C24.100.0%2CN%3Bui%2C25.0.0%2CN&reqm=bitrix.sitecorporate&fullmoduleinfo=Y&SUPD_SRS=RU&SUPD_CMP=N
2025-06-21 21:57:48 -  - exec CUpdateClientPartner::GetHTTPPage
2025-06-21 21:57:49 -  - TIME GetUpdatesList(request) 0.358 sec
2025-06-21 21:57:49 -  - exec CUpdateClientPartner::ParseServerData
2025-06-21 21:57:56 -  - exec CUpdateClientPartner::GetUpdatesList
2025-06-21 21:57:56 -  - exec CUpdateClientPartner::__CollectRequestData
2025-06-21 21:57:56 -  - utf=Y&lang=ru&stable=Y&CANGZIP=Y&SUPD_DBS=MYSQL&XE=N&CLIENT_SITE=bzm.local&LICENSE_KEY=X&SUPD_STS=1&SUPD_URS=0&TYPENC=D&CLIENT_PHPVER=8.4.1&NGINX=Y&dbv=8.4.4&instm=main%2C25.100.300%2CY%3Bb24connector%2C24.0.0%2CN%3Bbitrix.sitecorporate%2C24.0.0%2CN%3Bbitrixcloud%2C24.100.0%2CN%3Bclouds%2C25.0.0%2CN%3Bfileman%2C24.500.0%2CN%3Bhighloadblock%2C24.100.0%2CN%3Biblock%2C24.300.0%2CN%3Blanding%2C24.800.0%2CN%3Blocation%2C25.0.0%2CN%3Bmessageservice%2C24.900.0%2CN%3Bperfmon%2C24.200.0%2CN%3Brest%2C25.100.200%2CN%3Bsearch%2C25.0.0%2CN%3Bsecurity%2C24.0.100%2CN%3Bseo%2C24.600.100%2CN%3Bsocialservices%2C24.100.100%2CN%3Btranslate%2C24.100.0%2CN%3Bui%2C25.0.0%2CN&reqm=bitrix.sitecorporate&fullmoduleinfo=Y&SUPD_SRS=RU&SUPD_CMP=N
2025-06-21 21:57:56 -  - exec CUpdateClientPartner::GetHTTPPage
2025-06-21 21:57:56 -  - TIME GetUpdatesList(request) 0.33 sec
2025-06-21 21:57:56 -  - exec CUpdateClientPartner::ParseServerData
2025-06-21 22:02:02 -  - exec CUpdateClientPartner::GetUpdatesList
2025-06-21 22:02:02 -  - exec CUpdateClientPartner::__CollectRequestData
2025-06-21 22:02:02 -  - utf=Y&lang=ru&stable=Y&CANGZIP=Y&SUPD_DBS=MYSQL&XE=N&CLIENT_SITE=bzm.local&LICENSE_KEY=X&SUPD_STS=1&SUPD_URS=0&TYPENC=D&CLIENT_PHPVER=8.4.1&NGINX=Y&dbv=8.4.4&instm=main%2C25.100.300%2CY%3Bb24connector%2C24.0.0%2CN%3Bbitrix.sitecorporate%2C24.0.0%2CN%3Bbitrixcloud%2C24.100.0%2CN%3Bclouds%2C25.0.0%2CN%3Bfileman%2C24.500.0%2CN%3Bhighloadblock%2C24.100.0%2CN%3Biblock%2C24.300.0%2CN%3Blanding%2C24.800.0%2CN%3Blocation%2C25.0.0%2CN%3Bmessageservice%2C24.900.0%2CN%3Bperfmon%2C24.200.0%2CN%3Brest%2C25.100.200%2CN%3Bsearch%2C25.0.0%2CN%3Bsecurity%2C24.0.100%2CN%3Bseo%2C24.600.100%2CN%3Bsocialservices%2C24.100.100%2CN%3Btranslate%2C24.100.0%2CN%3Bui%2C25.0.0%2CN&reqm=bitrix.sitecorporate&fullmoduleinfo=Y&SUPD_SRS=RU&SUPD_CMP=N
2025-06-21 22:02:02 -  - exec CUpdateClientPartner::GetHTTPPage
2025-06-21 22:02:02 -  - TIME GetUpdatesList(request) 0.329 sec
2025-06-21 22:02:02 -  - exec CUpdateClientPartner::ParseServerData
2025-06-21 22:02:38 -  - exec CUpdateClientPartner::GetUpdatesList
2025-06-21 22:02:38 -  - exec CUpdateClientPartner::__CollectRequestData
2025-06-21 22:02:38 -  - utf=Y&lang=ru&stable=Y&CANGZIP=Y&SUPD_DBS=MYSQL&XE=N&CLIENT_SITE=bzm.local&LICENSE_KEY=X&SUPD_STS=1&SUPD_URS=0&TYPENC=D&CLIENT_PHPVER=8.4.1&NGINX=Y&dbv=8.4.4&instm=main%2C25.100.300%2CY%3Bb24connector%2C24.0.0%2CN%3Bbitrix.sitecorporate%2C24.0.0%2CN%3Bbitrixcloud%2C24.100.0%2CN%3Bclouds%2C25.0.0%2CN%3Bfileman%2C24.500.0%2CN%3Bhighloadblock%2C24.100.0%2CN%3Biblock%2C24.300.0%2CN%3Blanding%2C24.800.0%2CN%3Blocation%2C25.0.0%2CN%3Bmessageservice%2C24.900.0%2CN%3Bperfmon%2C24.200.0%2CN%3Brest%2C25.100.200%2CN%3Bsearch%2C25.0.0%2CN%3Bsecurity%2C24.0.100%2CN%3Bseo%2C24.600.100%2CN%3Bsocialservices%2C24.100.100%2CN%3Btranslate%2C24.100.0%2CN%3Bui%2C25.0.0%2CN&reqm=bitrix.sitecorporate&fullmoduleinfo=Y&SUPD_SRS=RU&SUPD_CMP=N
2025-06-21 22:02:38 -  - exec CUpdateClientPartner::GetHTTPPage
2025-06-21 22:02:38 -  - TIME GetUpdatesList(request) 0.318 sec
2025-06-21 22:02:38 -  - exec CUpdateClientPartner::ParseServerData
2025-06-21 22:05:18 -  - exec CUpdateClientPartner::GetUpdatesList
2025-06-21 22:05:18 -  - exec CUpdateClientPartner::__CollectRequestData
2025-06-21 22:05:18 -  - utf=Y&lang=ru&stable=Y&CANGZIP=Y&SUPD_DBS=MYSQL&XE=N&CLIENT_SITE=bzm.local&LICENSE_KEY=X&SUPD_STS=1&SUPD_URS=0&TYPENC=D&CLIENT_PHPVER=8.4.1&NGINX=Y&dbv=8.4.4&instm=main%2C25.100.300%2CY%3Bb24connector%2C24.0.0%2CN%3Bbitrix.sitecorporate%2C24.0.0%2CN%3Bbitrixcloud%2C24.100.0%2CN%3Bclouds%2C25.0.0%2CN%3Bfileman%2C24.500.0%2CN%3Bhighloadblock%2C24.100.0%2CN%3Biblock%2C24.300.0%2CN%3Blanding%2C24.800.0%2CN%3Blocation%2C25.0.0%2CN%3Bmessageservice%2C24.900.0%2CN%3Bperfmon%2C24.200.0%2CN%3Brest%2C25.100.200%2CN%3Bsearch%2C25.0.0%2CN%3Bsecurity%2C24.0.100%2CN%3Bseo%2C24.600.100%2CN%3Bsocialservices%2C24.100.100%2CN%3Btranslate%2C24.100.0%2CN%3Bui%2C25.0.0%2CN&reqm=bitrix.sitecorporate&fullmoduleinfo=Y&SUPD_SRS=RU&SUPD_CMP=N
2025-06-21 22:05:18 -  - exec CUpdateClientPartner::GetHTTPPage
2025-06-21 22:05:19 -  - TIME GetUpdatesList(request) 0.352 sec
2025-06-21 22:05:19 -  - exec CUpdateClientPartner::ParseServerData
2025-06-21 22:10:32 -  - exec CUpdateClientPartner::GetUpdatesList
2025-06-21 22:10:32 -  - exec CUpdateClientPartner::__CollectRequestData
2025-06-21 22:10:32 -  - utf=Y&lang=ru&stable=Y&CANGZIP=Y&SUPD_DBS=MYSQL&XE=N&CLIENT_SITE=bzm.local&LICENSE_KEY=X&SUPD_STS=1&SUPD_URS=0&TYPENC=D&CLIENT_PHPVER=8.4.1&NGINX=Y&dbv=8.4.4&instm=main%2C25.100.300%2CY%3Bb24connector%2C24.0.0%2CN%3Bbitrix.sitecorporate%2C24.0.0%2CN%3Bbitrixcloud%2C24.100.0%2CN%3Bclouds%2C25.0.0%2CN%3Bfileman%2C24.500.0%2CN%3Bhighloadblock%2C24.100.0%2CN%3Biblock%2C24.300.0%2CN%3Blanding%2C24.800.0%2CN%3Blocation%2C25.0.0%2CN%3Bmessageservice%2C24.900.0%2CN%3Bperfmon%2C24.200.0%2CN%3Brest%2C25.100.200%2CN%3Bsearch%2C25.0.0%2CN%3Bsecurity%2C24.0.100%2CN%3Bseo%2C24.600.100%2CN%3Bsocialservices%2C24.100.100%2CN%3Btranslate%2C24.100.0%2CN%3Bui%2C25.0.0%2CN&reqm=bitrix.sitecorporate&fullmoduleinfo=Y&SUPD_SRS=RU&SUPD_CMP=N
2025-06-21 22:10:32 -  - exec CUpdateClientPartner::GetHTTPPage
2025-06-21 22:10:33 -  - TIME GetUpdatesList(request) 0.367 sec
2025-06-21 22:10:33 -  - exec CUpdateClientPartner::ParseServerData
2025-06-21 22:10:41 -  - exec CUpdateClientPartner::GetUpdatesList
2025-06-21 22:10:41 -  - exec CUpdateClientPartner::__CollectRequestData
2025-06-21 22:10:41 -  - utf=Y&lang=ru&stable=Y&CANGZIP=Y&SUPD_DBS=MYSQL&XE=N&CLIENT_SITE=bzm.local&LICENSE_KEY=X&SUPD_STS=1&SUPD_URS=0&TYPENC=D&CLIENT_PHPVER=8.4.1&NGINX=Y&dbv=8.4.4&instm=main%2C25.100.300%2CY%3Bb24connector%2C24.0.0%2CN%3Bbitrix.sitecorporate%2C24.0.0%2CN%3Bbitrixcloud%2C24.100.0%2CN%3Bclouds%2C25.0.0%2CN%3Bfileman%2C24.500.0%2CN%3Bhighloadblock%2C24.100.0%2CN%3Biblock%2C24.300.0%2CN%3Blanding%2C24.800.0%2CN%3Blocation%2C25.0.0%2CN%3Bmessageservice%2C24.900.0%2CN%3Bperfmon%2C24.200.0%2CN%3Brest%2C25.100.200%2CN%3Bsearch%2C25.0.0%2CN%3Bsecurity%2C24.0.100%2CN%3Bseo%2C24.600.100%2CN%3Bsocialservices%2C24.100.100%2CN%3Btranslate%2C24.100.0%2CN%3Bui%2C25.0.0%2CN&reqm=bitrix.sitecorporate&fullmoduleinfo=Y&SUPD_SRS=RU&SUPD_CMP=N
2025-06-21 22:10:41 -  - exec CUpdateClientPartner::GetHTTPPage
2025-06-21 22:10:41 -  - TIME GetUpdatesList(request) 0.347 sec
2025-06-21 22:10:41 -  - exec CUpdateClientPartner::ParseServerData
2025-06-21 22:10:42 -  - exec CUpdateClientPartner::GetUpdatesList
2025-06-21 22:10:42 -  - exec CUpdateClientPartner::__CollectRequestData
2025-06-21 22:10:42 -  - utf=Y&lang=ru&stable=Y&CANGZIP=Y&SUPD_DBS=MYSQL&XE=N&CLIENT_SITE=bzm.local&LICENSE_KEY=X&SUPD_STS=1&SUPD_URS=0&TYPENC=D&CLIENT_PHPVER=8.4.1&NGINX=Y&dbv=8.4.4&instm=main%2C25.100.300%2CY%3Bb24connector%2C24.0.0%2CN%3Bbitrix.sitecorporate%2C24.0.0%2CN%3Bbitrixcloud%2C24.100.0%2CN%3Bclouds%2C25.0.0%2CN%3Bfileman%2C24.500.0%2CN%3Bhighloadblock%2C24.100.0%2CN%3Biblock%2C24.300.0%2CN%3Blanding%2C24.800.0%2CN%3Blocation%2C25.0.0%2CN%3Bmessageservice%2C24.900.0%2CN%3Bperfmon%2C24.200.0%2CN%3Brest%2C25.100.200%2CN%3Bsearch%2C25.0.0%2CN%3Bsecurity%2C24.0.100%2CN%3Bseo%2C24.600.100%2CN%3Bsocialservices%2C24.100.100%2CN%3Btranslate%2C24.100.0%2CN%3Bui%2C25.0.0%2CN&reqm=bitrix.sitecorporate&fullmoduleinfo=Y&SUPD_SRS=RU&SUPD_CMP=N
2025-06-21 22:10:42 -  - exec CUpdateClientPartner::GetHTTPPage
2025-06-21 22:10:42 -  - TIME GetUpdatesList(request) 0.318 sec
2025-06-21 22:10:42 -  - exec CUpdateClientPartner::ParseServerData
2025-06-21 22:10:46 -  - exec CUpdateClientPartner::GetUpdatesList
2025-06-21 22:10:46 -  - exec CUpdateClientPartner::__CollectRequestData
2025-06-21 22:10:46 -  - utf=Y&lang=ru&stable=Y&CANGZIP=Y&SUPD_DBS=MYSQL&XE=N&CLIENT_SITE=bzm.local&LICENSE_KEY=X&SUPD_STS=1&SUPD_URS=0&TYPENC=D&CLIENT_PHPVER=8.4.1&NGINX=Y&dbv=8.4.4&instm=main%2C25.100.300%2CY%3Bb24connector%2C24.0.0%2CN%3Bbitrix.sitecorporate%2C24.0.0%2CN%3Bbitrixcloud%2C24.100.0%2CN%3Bclouds%2C25.0.0%2CN%3Bfileman%2C24.500.0%2CN%3Bhighloadblock%2C24.100.0%2CN%3Biblock%2C24.300.0%2CN%3Blanding%2C24.800.0%2CN%3Blocation%2C25.0.0%2CN%3Bmessageservice%2C24.900.0%2CN%3Bperfmon%2C24.200.0%2CN%3Brest%2C25.100.200%2CN%3Bsearch%2C25.0.0%2CN%3Bsecurity%2C24.0.100%2CN%3Bseo%2C24.600.100%2CN%3Bsocialservices%2C24.100.100%2CN%3Btranslate%2C24.100.0%2CN%3Bui%2C25.0.0%2CN&reqm=bitrix.sitecorporate&fullmoduleinfo=Y&SUPD_SRS=RU&SUPD_CMP=N
2025-06-21 22:10:46 -  - exec CUpdateClientPartner::GetHTTPPage
2025-06-21 22:10:46 -  - TIME GetUpdatesList(request) 0.331 sec
2025-06-21 22:10:46 -  - exec CUpdateClientPartner::ParseServerData
2025-06-21 22:10:47 -  - exec CUpdateClientPartner::GetUpdatesList
2025-06-21 22:10:47 -  - exec CUpdateClientPartner::__CollectRequestData
2025-06-21 22:10:47 -  - utf=Y&lang=ru&stable=Y&CANGZIP=Y&SUPD_DBS=MYSQL&XE=N&CLIENT_SITE=bzm.local&LICENSE_KEY=X&SUPD_STS=1&SUPD_URS=0&TYPENC=D&CLIENT_PHPVER=8.4.1&NGINX=Y&dbv=8.4.4&instm=main%2C25.100.300%2CY%3Bb24connector%2C24.0.0%2CN%3Bbitrix.sitecorporate%2C24.0.0%2CN%3Bbitrixcloud%2C24.100.0%2CN%3Bclouds%2C25.0.0%2CN%3Bfileman%2C24.500.0%2CN%3Bhighloadblock%2C24.100.0%2CN%3Biblock%2C24.300.0%2CN%3Blanding%2C24.800.0%2CN%3Blocation%2C25.0.0%2CN%3Bmessageservice%2C24.900.0%2CN%3Bperfmon%2C24.200.0%2CN%3Brest%2C25.100.200%2CN%3Bsearch%2C25.0.0%2CN%3Bsecurity%2C24.0.100%2CN%3Bseo%2C24.600.100%2CN%3Bsocialservices%2C24.100.100%2CN%3Btranslate%2C24.100.0%2CN%3Bui%2C25.0.0%2CN&reqm=bitrix.sitecorporate&fullmoduleinfo=Y&SUPD_SRS=RU&SUPD_CMP=N
2025-06-21 22:10:47 -  - exec CUpdateClientPartner::GetHTTPPage
2025-06-21 22:10:47 -  - TIME GetUpdatesList(request) 0.444 sec
2025-06-21 22:10:47 -  - exec CUpdateClientPartner::ParseServerData
2025-06-21 22:17:21 -  - exec CUpdateClientPartner::GetUpdatesList
2025-06-21 22:17:21 -  - exec CUpdateClientPartner::__CollectRequestData
2025-06-21 22:17:21 -  - utf=Y&lang=ru&stable=Y&CANGZIP=Y&SUPD_DBS=MYSQL&XE=N&CLIENT_SITE=bzm.local&LICENSE_KEY=X&SUPD_STS=1&SUPD_URS=0&TYPENC=D&CLIENT_PHPVER=8.4.1&NGINX=Y&dbv=8.4.4&instm=main%2C25.100.300%2CY%3Bb24connector%2C24.0.0%2CN%3Bbitrix.sitecorporate%2C24.0.0%2CN%3Bbitrixcloud%2C24.100.0%2CN%3Bclouds%2C25.0.0%2CN%3Bfileman%2C24.500.0%2CN%3Bhighloadblock%2C24.100.0%2CN%3Biblock%2C24.300.0%2CN%3Blanding%2C24.800.0%2CN%3Blocation%2C25.0.0%2CN%3Bmessageservice%2C24.900.0%2CN%3Bperfmon%2C24.200.0%2CN%3Brest%2C25.100.200%2CN%3Bsearch%2C25.0.0%2CN%3Bsecurity%2C24.0.100%2CN%3Bseo%2C24.600.100%2CN%3Bsocialservices%2C24.100.100%2CN%3Btranslate%2C24.100.0%2CN%3Bui%2C25.0.0%2CN&reqm=bitrix.sitecorporate&fullmoduleinfo=Y&SUPD_SRS=RU&SUPD_CMP=N
2025-06-21 22:17:21 -  - exec CUpdateClientPartner::GetHTTPPage
2025-06-21 22:17:21 -  - TIME GetUpdatesList(request) 0.395 sec
2025-06-21 22:17:21 -  - exec CUpdateClientPartner::ParseServerData
2025-06-21 22:17:25 -  - exec CUpdateClientPartner::GetUpdatesList
2025-06-21 22:17:25 -  - exec CUpdateClientPartner::__CollectRequestData
2025-06-21 22:17:25 -  - utf=Y&lang=ru&stable=Y&CANGZIP=Y&SUPD_DBS=MYSQL&XE=N&CLIENT_SITE=bzm.local&LICENSE_KEY=X&SUPD_STS=1&SUPD_URS=0&TYPENC=D&CLIENT_PHPVER=8.4.1&NGINX=Y&dbv=8.4.4&instm=main%2C25.100.300%2CY%3Bb24connector%2C24.0.0%2CN%3Bbitrix.sitecorporate%2C24.0.0%2CN%3Bbitrixcloud%2C24.100.0%2CN%3Bclouds%2C25.0.0%2CN%3Bfileman%2C24.500.0%2CN%3Bhighloadblock%2C24.100.0%2CN%3Biblock%2C24.300.0%2CN%3Blanding%2C24.800.0%2CN%3Blocation%2C25.0.0%2CN%3Bmessageservice%2C24.900.0%2CN%3Bperfmon%2C24.200.0%2CN%3Brest%2C25.100.200%2CN%3Bsearch%2C25.0.0%2CN%3Bsecurity%2C24.0.100%2CN%3Bseo%2C24.600.100%2CN%3Bsocialservices%2C24.100.100%2CN%3Btranslate%2C24.100.0%2CN%3Bui%2C25.0.0%2CN&reqm=bitrix.sitecorporate&fullmoduleinfo=Y&SUPD_SRS=RU&SUPD_CMP=N
2025-06-21 22:17:25 -  - exec CUpdateClientPartner::GetHTTPPage
2025-06-21 22:17:25 -  - TIME GetUpdatesList(request) 0.314 sec
2025-06-21 22:17:25 -  - exec CUpdateClientPartner::ParseServerData
2025-06-21 22:17:26 -  - exec CUpdateClientPartner::GetUpdatesList
2025-06-21 22:17:26 -  - exec CUpdateClientPartner::__CollectRequestData
2025-06-21 22:17:26 -  - utf=Y&lang=ru&stable=Y&CANGZIP=Y&SUPD_DBS=MYSQL&XE=N&CLIENT_SITE=bzm.local&LICENSE_KEY=X&SUPD_STS=1&SUPD_URS=0&TYPENC=D&CLIENT_PHPVER=8.4.1&NGINX=Y&dbv=8.4.4&instm=main%2C25.100.300%2CY%3Bb24connector%2C24.0.0%2CN%3Bbitrix.sitecorporate%2C24.0.0%2CN%3Bbitrixcloud%2C24.100.0%2CN%3Bclouds%2C25.0.0%2CN%3Bfileman%2C24.500.0%2CN%3Bhighloadblock%2C24.100.0%2CN%3Biblock%2C24.300.0%2CN%3Blanding%2C24.800.0%2CN%3Blocation%2C25.0.0%2CN%3Bmessageservice%2C24.900.0%2CN%3Bperfmon%2C24.200.0%2CN%3Brest%2C25.100.200%2CN%3Bsearch%2C25.0.0%2CN%3Bsecurity%2C24.0.100%2CN%3Bseo%2C24.600.100%2CN%3Bsocialservices%2C24.100.100%2CN%3Btranslate%2C24.100.0%2CN%3Bui%2C25.0.0%2CN&reqm=bitrix.sitecorporate&fullmoduleinfo=Y&SUPD_SRS=RU&SUPD_CMP=N
2025-06-21 22:17:26 -  - exec CUpdateClientPartner::GetHTTPPage
2025-06-21 22:17:26 -  - TIME GetUpdatesList(request) 0.322 sec
2025-06-21 22:17:26 -  - exec CUpdateClientPartner::ParseServerData
2025-06-21 22:17:30 -  - exec CUpdateClientPartner::GetUpdatesList
2025-06-21 22:17:30 -  - exec CUpdateClientPartner::__CollectRequestData
2025-06-21 22:17:30 -  - utf=Y&lang=ru&stable=Y&CANGZIP=Y&SUPD_DBS=MYSQL&XE=N&CLIENT_SITE=bzm.local&LICENSE_KEY=X&SUPD_STS=1&SUPD_URS=0&TYPENC=D&CLIENT_PHPVER=8.4.1&NGINX=Y&dbv=8.4.4&instm=main%2C25.100.300%2CY%3Bb24connector%2C24.0.0%2CN%3Bbitrix.sitecorporate%2C24.0.0%2CN%3Bbitrixcloud%2C24.100.0%2CN%3Bclouds%2C25.0.0%2CN%3Bfileman%2C24.500.0%2CN%3Bhighloadblock%2C24.100.0%2CN%3Biblock%2C24.300.0%2CN%3Blanding%2C24.800.0%2CN%3Blocation%2C25.0.0%2CN%3Bmessageservice%2C24.900.0%2CN%3Bperfmon%2C24.200.0%2CN%3Brest%2C25.100.200%2CN%3Bsearch%2C25.0.0%2CN%3Bsecurity%2C24.0.100%2CN%3Bseo%2C24.600.100%2CN%3Bsocialservices%2C24.100.100%2CN%3Btranslate%2C24.100.0%2CN%3Bui%2C25.0.0%2CN&reqm=bitrix.sitecorporate&fullmoduleinfo=Y&SUPD_SRS=RU&SUPD_CMP=N
2025-06-21 22:17:30 -  - exec CUpdateClientPartner::GetHTTPPage
2025-06-21 22:17:30 -  - TIME GetUpdatesList(request) 0.351 sec
2025-06-21 22:17:30 -  - exec CUpdateClientPartner::ParseServerData
2025-06-21 22:17:30 -  - exec CUpdateClientPartner::GetUpdatesList
2025-06-21 22:17:30 -  - exec CUpdateClientPartner::__CollectRequestData
2025-06-21 22:17:30 -  - utf=Y&lang=ru&stable=Y&CANGZIP=Y&SUPD_DBS=MYSQL&XE=N&CLIENT_SITE=bzm.local&LICENSE_KEY=X&SUPD_STS=1&SUPD_URS=0&TYPENC=D&CLIENT_PHPVER=8.4.1&NGINX=Y&dbv=8.4.4&instm=main%2C25.100.300%2CY%3Bb24connector%2C24.0.0%2CN%3Bbitrix.sitecorporate%2C24.0.0%2CN%3Bbitrixcloud%2C24.100.0%2CN%3Bclouds%2C25.0.0%2CN%3Bfileman%2C24.500.0%2CN%3Bhighloadblock%2C24.100.0%2CN%3Biblock%2C24.300.0%2CN%3Blanding%2C24.800.0%2CN%3Blocation%2C25.0.0%2CN%3Bmessageservice%2C24.900.0%2CN%3Bperfmon%2C24.200.0%2CN%3Brest%2C25.100.200%2CN%3Bsearch%2C25.0.0%2CN%3Bsecurity%2C24.0.100%2CN%3Bseo%2C24.600.100%2CN%3Bsocialservices%2C24.100.100%2CN%3Btranslate%2C24.100.0%2CN%3Bui%2C25.0.0%2CN&reqm=bitrix.sitecorporate&fullmoduleinfo=Y&SUPD_SRS=RU&SUPD_CMP=N
2025-06-21 22:17:30 -  - exec CUpdateClientPartner::GetHTTPPage
2025-06-21 22:17:31 -  - TIME GetUpdatesList(request) 0.346 sec
2025-06-21 22:17:31 -  - exec CUpdateClientPartner::ParseServerData
2025-06-21 22:20:51 -  - exec CUpdateClientPartner::GetUpdatesList
2025-06-21 22:20:51 -  - exec CUpdateClientPartner::__CollectRequestData
2025-06-21 22:20:51 -  - utf=Y&lang=ru&stable=Y&CANGZIP=Y&SUPD_DBS=MYSQL&XE=N&CLIENT_SITE=bzm.local&LICENSE_KEY=X&SUPD_STS=1&SUPD_URS=0&TYPENC=D&CLIENT_PHPVER=8.4.1&NGINX=Y&dbv=8.4.4&instm=main%2C25.100.300%2CY%3Bb24connector%2C24.0.0%2CN%3Bbitrix.sitecorporate%2C24.0.0%2CN%3Bbitrixcloud%2C24.100.0%2CN%3Bclouds%2C25.0.0%2CN%3Bfileman%2C24.500.0%2CN%3Bhighloadblock%2C24.100.0%2CN%3Biblock%2C24.300.0%2CN%3Blanding%2C24.800.0%2CN%3Blocation%2C25.0.0%2CN%3Bmessageservice%2C24.900.0%2CN%3Bperfmon%2C24.200.0%2CN%3Brest%2C25.100.200%2CN%3Bsearch%2C25.0.0%2CN%3Bsecurity%2C24.0.100%2CN%3Bseo%2C24.600.100%2CN%3Bsocialservices%2C24.100.100%2CN%3Btranslate%2C24.100.0%2CN%3Bui%2C25.0.0%2CN&reqm=bitrix.sitecorporate&fullmoduleinfo=Y&SUPD_SRS=RU&SUPD_CMP=N
2025-06-21 22:20:51 -  - exec CUpdateClientPartner::GetHTTPPage
2025-06-21 22:20:51 -  - TIME GetUpdatesList(request) 0.495 sec
2025-06-21 22:20:51 -  - exec CUpdateClientPartner::ParseServerData
2025-06-21 22:21:17 -  - exec CUpdateClientPartner::GetUpdatesList
2025-06-21 22:21:17 -  - exec CUpdateClientPartner::__CollectRequestData
2025-06-21 22:21:17 -  - utf=Y&lang=ru&stable=Y&CANGZIP=Y&SUPD_DBS=MYSQL&XE=N&CLIENT_SITE=bzm.local&LICENSE_KEY=X&SUPD_STS=1&SUPD_URS=0&TYPENC=D&CLIENT_PHPVER=8.4.1&NGINX=Y&dbv=8.4.4&instm=main%2C25.100.300%2CY%3Bb24connector%2C24.0.0%2CN%3Bbitrix.sitecorporate%2C24.0.0%2CN%3Bbitrixcloud%2C24.100.0%2CN%3Bclouds%2C25.0.0%2CN%3Bfileman%2C24.500.0%2CN%3Bhighloadblock%2C24.100.0%2CN%3Biblock%2C24.300.0%2CN%3Blanding%2C24.800.0%2CN%3Blocation%2C25.0.0%2CN%3Bmessageservice%2C24.900.0%2CN%3Bperfmon%2C24.200.0%2CN%3Brest%2C25.100.200%2CN%3Bsearch%2C25.0.0%2CN%3Bsecurity%2C24.0.100%2CN%3Bseo%2C24.600.100%2CN%3Bsocialservices%2C24.100.100%2CN%3Btranslate%2C24.100.0%2CN%3Bui%2C25.0.0%2CN&reqm=bitrix.sitecorporate&fullmoduleinfo=Y&SUPD_SRS=RU&SUPD_CMP=N
2025-06-21 22:21:17 -  - exec CUpdateClientPartner::GetHTTPPage
2025-06-21 22:21:18 -  - TIME GetUpdatesList(request) 0.362 sec
2025-06-21 22:21:18 -  - exec CUpdateClientPartner::ParseServerData
2025-06-21 22:39:49 -  - exec CUpdateClientPartner::GetUpdatesList
2025-06-21 22:39:49 -  - exec CUpdateClientPartner::__CollectRequestData
2025-06-21 22:39:49 -  - utf=Y&lang=ru&stable=Y&CANGZIP=Y&SUPD_DBS=MYSQL&XE=N&CLIENT_SITE=bzm.local&LICENSE_KEY=X&SUPD_STS=1&SUPD_URS=0&TYPENC=D&CLIENT_PHPVER=8.4.1&NGINX=Y&dbv=8.4.4&instm=main%2C25.100.300%2CY%3Bb24connector%2C24.0.0%2CN%3Bbitrix.sitecorporate%2C24.0.0%2CN%3Bbitrixcloud%2C24.100.0%2CN%3Bclouds%2C25.0.0%2CN%3Bfileman%2C24.500.0%2CN%3Bhighloadblock%2C24.100.0%2CN%3Biblock%2C24.300.0%2CN%3Blanding%2C24.800.0%2CN%3Blocation%2C25.0.0%2CN%3Bmessageservice%2C24.900.0%2CN%3Bperfmon%2C24.200.0%2CN%3Brest%2C25.100.200%2CN%3Bsearch%2C25.0.0%2CN%3Bsecurity%2C24.0.100%2CN%3Bseo%2C24.600.100%2CN%3Bsocialservices%2C24.100.100%2CN%3Btranslate%2C24.100.0%2CN%3Bui%2C25.0.0%2CN&reqm=bitrix.sitecorporate&fullmoduleinfo=Y&SUPD_SRS=RU&SUPD_CMP=N
2025-06-21 22:39:49 -  - exec CUpdateClientPartner::GetHTTPPage
2025-06-21 22:39:49 -  - TIME GetUpdatesList(request) 0.342 sec
2025-06-21 22:39:49 -  - exec CUpdateClientPartner::ParseServerData
2025-06-21 22:45:13 -  - exec CUpdateClientPartner::__CollectRequestData
2025-06-21 22:45:13 -  - exec CUpdateClientPartner::GetHTTPPage
2025-06-21 22:45:13 -  - exec CUpdateClientPartner::ParseServerData
2025-06-21 22:45:13 -  - exec CUpdateClientPartner::GetUpdatesList
2025-06-21 22:45:13 -  - exec CUpdateClientPartner::__CollectRequestData
2025-06-21 22:45:13 -  - utf=Y&lang=ru&stable=Y&CANGZIP=Y&SUPD_DBS=MYSQL&XE=N&CLIENT_SITE=bzm.local&LICENSE_KEY=X&SUPD_STS=1&SUPD_URS=0&TYPENC=D&CLIENT_PHPVER=8.4.1&NGINX=Y&dbv=8.4.4&instm=main%2C25.100.300%2CY%3Bb24connector%2C24.0.0%2CN%3Bbitrix.sitecorporate%2C24.0.0%2CN%3Bbitrixcloud%2C24.100.0%2CN%3Bclouds%2C25.0.0%2CN%3Bfileman%2C24.500.0%2CN%3Bhighloadblock%2C24.100.0%2CN%3Biblock%2C24.300.0%2CN%3Blanding%2C24.800.0%2CN%3Blocation%2C25.0.0%2CN%3Bmessageservice%2C24.900.0%2CN%3Bperfmon%2C24.200.0%2CN%3Brest%2C25.100.200%2CN%3Bsearch%2C25.0.0%2CN%3Bsecurity%2C24.0.100%2CN%3Bseo%2C24.600.100%2CN%3Bsocialservices%2C24.100.100%2CN%3Btranslate%2C24.100.0%2CN%3Bui%2C25.0.0%2CN&reqm=bitrix.sitecorporate&fullmoduleinfo=Y&SUPD_SRS=RU&SUPD_CMP=N
2025-06-21 22:45:13 -  - exec CUpdateClientPartner::GetHTTPPage
2025-06-21 22:45:13 -  - TIME GetUpdatesList(request) 0.306 sec
2025-06-21 22:45:13 -  - exec CUpdateClientPartner::ParseServerData
2025-06-21 22:45:13 -  - exec CUpdateClientPartner::__CollectRequestData
2025-06-21 22:45:14 -  - exec CUpdateClientPartner::GetHTTPPage
2025-06-21 22:45:14 -  - exec CUpdateClientPartner::ParseServerData
2025-06-21 22:45:34 -  - exec CUpdateClientPartner::GetUpdatesList
2025-06-21 22:45:34 -  - exec CUpdateClientPartner::__CollectRequestData
2025-06-21 22:45:34 -  - utf=Y&lang=ru&stable=Y&CANGZIP=Y&SUPD_DBS=MYSQL&XE=N&CLIENT_SITE=bzm.local&LICENSE_KEY=X&SUPD_STS=1&SUPD_URS=0&TYPENC=D&CLIENT_PHPVER=8.4.1&NGINX=Y&dbv=8.4.4&instm=main%2C25.100.300%2CY%3Bb24connector%2C24.0.0%2CN%3Bbitrix.sitecorporate%2C24.0.0%2CN%3Bbitrixcloud%2C24.100.0%2CN%3Bclouds%2C25.0.0%2CN%3Bfileman%2C24.500.0%2CN%3Bhighloadblock%2C24.100.0%2CN%3Biblock%2C24.300.0%2CN%3Blanding%2C24.800.0%2CN%3Blocation%2C25.0.0%2CN%3Bmessageservice%2C24.900.0%2CN%3Bperfmon%2C24.200.0%2CN%3Brest%2C25.100.200%2CN%3Bsearch%2C25.0.0%2CN%3Bsecurity%2C24.0.100%2CN%3Bseo%2C24.600.100%2CN%3Bsocialservices%2C24.100.100%2CN%3Btranslate%2C24.100.0%2CN%3Bui%2C25.0.0%2CN&reqm=bitrix.sitecorporate&fullmoduleinfo=Y&SUPD_SRS=RU&SUPD_CMP=N
2025-06-21 22:45:34 -  - exec CUpdateClientPartner::GetHTTPPage
2025-06-21 22:45:34 -  - TIME GetUpdatesList(request) 0.368 sec
2025-06-21 22:45:34 -  - exec CUpdateClientPartner::ParseServerData
2025-06-21 22:55:46 -  - exec CUpdateClientPartner::GetUpdatesList
2025-06-21 22:55:46 -  - exec CUpdateClientPartner::__CollectRequestData
2025-06-21 22:55:46 -  - utf=Y&lang=ru&stable=Y&CANGZIP=Y&SUPD_DBS=MYSQL&XE=N&CLIENT_SITE=bzm.local&LICENSE_KEY=X&SUPD_STS=1&SUPD_URS=0&TYPENC=D&CLIENT_PHPVER=8.4.1&NGINX=Y&dbv=8.4.4&instm=main%2C25.100.300%2CY%3Bb24connector%2C24.0.0%2CN%3Bbitrix.sitecorporate%2C24.0.0%2CN%3Bbitrixcloud%2C24.100.0%2CN%3Bclouds%2C25.0.0%2CN%3Bfileman%2C24.500.0%2CN%3Bhighloadblock%2C24.100.0%2CN%3Biblock%2C24.300.0%2CN%3Blanding%2C24.800.0%2CN%3Blocation%2C25.0.0%2CN%3Bmessageservice%2C24.900.0%2CN%3Bperfmon%2C24.200.0%2CN%3Brest%2C25.100.200%2CN%3Bsearch%2C25.0.0%2CN%3Bsecurity%2C24.0.100%2CN%3Bseo%2C24.600.100%2CN%3Bsocialservices%2C24.100.100%2CN%3Btranslate%2C24.100.0%2CN%3Bui%2C25.0.0%2CN&reqm=bitrix.sitecorporate&fullmoduleinfo=Y&SUPD_SRS=RU&SUPD_CMP=N
2025-06-21 22:55:46 -  - exec CUpdateClientPartner::GetHTTPPage
2025-06-21 22:55:46 -  - TIME GetUpdatesList(request) 0.354 sec
2025-06-21 22:55:46 -  - exec CUpdateClientPartner::ParseServerData
2025-06-21 23:59:23 -  - exec CUpdateClientPartner::GetUpdatesList
2025-06-21 23:59:23 -  - exec CUpdateClientPartner::__CollectRequestData
2025-06-21 23:59:23 -  - utf=Y&lang=ru&stable=Y&CANGZIP=Y&SUPD_DBS=MYSQL&XE=N&CLIENT_SITE=bzm.local&LICENSE_KEY=X&SUPD_STS=1&SUPD_URS=0&TYPENC=D&CLIENT_PHPVER=8.4.1&NGINX=Y&dbv=8.4.4&instm=main%2C25.100.300%2CY%3Bb24connector%2C24.0.0%2CN%3Bbitrix.sitecorporate%2C24.0.0%2CN%3Bbitrixcloud%2C24.100.0%2CN%3Bclouds%2C25.0.0%2CN%3Bfileman%2C24.500.0%2CN%3Bhighloadblock%2C24.100.0%2CN%3Biblock%2C24.300.0%2CN%3Blanding%2C24.800.0%2CN%3Blocation%2C25.0.0%2CN%3Bmessageservice%2C24.900.0%2CN%3Bperfmon%2C24.200.0%2CN%3Brest%2C25.100.200%2CN%3Bsearch%2C25.0.0%2CN%3Bsecurity%2C24.0.100%2CN%3Bseo%2C24.600.100%2CN%3Bsocialservices%2C24.100.100%2CN%3Btranslate%2C24.100.0%2CN%3Bui%2C25.0.0%2CN&reqm=bitrix.sitecorporate&fullmoduleinfo=Y&SUPD_SRS=RU&SUPD_CMP=N
2025-06-21 23:59:23 -  - exec CUpdateClientPartner::GetHTTPPage
2025-06-21 23:59:23 -  - TIME GetUpdatesList(request) 0.431 sec
2025-06-21 23:59:23 -  - exec CUpdateClientPartner::ParseServerData
